2017/09/09 23:58:14 [error] 4290#0: detect jvm error, cmd : "java" -Djava.class.path=libs/res: nginx.clojure.DiscoverJvm 
, result : 
2017/09/09 23:58:14 [error] 4290#0: can not find installed JRE/JDK
2017/09/10 00:00:40 [emerg] 4319#0: bind() to 0.0.0.0:8080 failed (98: Address already in use)
2017/09/10 00:00:40 [emerg] 4319#0: bind() to 0.0.0.0:8080 failed (98: Address already in use)
2017/09/10 00:00:40 [emerg] 4319#0: bind() to 0.0.0.0:8080 failed (98: Address already in use)
2017/09/10 00:00:40 [emerg] 4319#0: bind() to 0.0.0.0:8080 failed (98: Address already in use)
2017/09/10 00:00:40 [emerg] 4319#0: bind() to 0.0.0.0:8080 failed (98: Address already in use)
2017/09/10 00:00:40 [emerg] 4319#0: still could not bind()
Exception in thread "main" java.lang.RuntimeException: can not load factory:nginx.clojure.clj.NginxClojureHandlerFactory
	at nginx.clojure.NginxHandlerFactory.fetchFactory(NginxHandlerFactory.java:35)
	at nginx.clojure.NginxHandlerFactory.fetchHandler(NginxHandlerFactory.java:42)
	at nginx.clojure.NginxClojureRT.registerCode(NginxClojureRT.java:866)
Caused by: java.lang.NoClassDefFoundError: clojure/lang/RT
	at nginx.clojure.clj.Constants.<clinit>(Constants.java:27)
	at nginx.clojure.clj.NginxClojureHandlerFactory.<init>(NginxClojureHandlerFactory.java:23)
	at sun.reflect.NativeConstructorAccessorImpl.newInstance0(Native Method)
	at sun.reflect.NativeConstructorAccessorImpl.newInstance(Unknown Source)
	at sun.reflect.DelegatingConstructorAccessorImpl.newInstance(Unknown Source)
	at java.lang.reflect.Constructor.newInstance(Unknown Source)
	at java.lang.Class.newInstance(Unknown Source)
	at nginx.clojure.NginxHandlerFactory.fetchFactory(NginxHandlerFactory.java:32)
	... 2 more
Caused by: java.lang.ClassNotFoundException: clojure.lang.RT
	at java.net.URLClassLoader.findClass(Unknown Source)
	at java.lang.ClassLoader.loadClass(Unknown Source)
	at sun.misc.Launcher$AppClassLoader.loadClass(Unknown Source)
	at java.lang.ClassLoader.loadClass(Unknown Source)
	... 10 more
2017/09/10 00:01:13 [error] 4343#0: invalid clojure content_handler code :  
						(fn[req]
						  {
						    :status 200,
						    :headers {"content-type" "text/plain"},
						    :body  "Hello Clojure & Nginx!" 
						    })
          
2017/09/10 00:01:14 [alert] 4342#0: worker process 4343 exited with fatal code 2 and cannot be respawned
Exception in thread "main" java.lang.RuntimeException: can not load factory:nginx.clojure.clj.NginxClojureHandlerFactory
	at nginx.clojure.NginxHandlerFactory.fetchFactory(NginxHandlerFactory.java:35)
	at nginx.clojure.NginxHandlerFactory.fetchHandler(NginxHandlerFactory.java:42)
	at nginx.clojure.NginxClojureRT.registerCode(NginxClojureRT.java:866)
Caused by: java.lang.NoClassDefFoundError: clojure/lang/RT
	at nginx.clojure.clj.Constants.<clinit>(Constants.java:27)
	at nginx.clojure.clj.NginxClojureHandlerFactory.<init>(NginxClojureHandlerFactory.java:23)
	at sun.reflect.NativeConstructorAccessorImpl.newInstance0(Native Method)
	at sun.reflect.NativeConstructorAccessorImpl.newInstance(Unknown Source)
	at sun.reflect.DelegatingConstructorAccessorImpl.newInstance(Unknown Source)
	at java.lang.reflect.Constructor.newInstance(Unknown Source)
	at java.lang.Class.newInstance(Unknown Source)
	at nginx.clojure.NginxHandlerFactory.fetchFactory(NginxHandlerFactory.java:32)
	... 2 more
Caused by: java.lang.ClassNotFoundException: clojure.lang.RT
	at java.net.URLClassLoader.findClass(Unknown Source)
	at java.lang.ClassLoader.loadClass(Unknown Source)
	at sun.misc.Launcher$AppClassLoader.loadClass(Unknown Source)
	at java.lang.ClassLoader.loadClass(Unknown Source)
	... 10 more
2017/09/10 00:04:59 [error] 4377#0: invalid clojure content_handler code :  
						(fn[req]
						  {
						    :status 200,
						    :headers {"content-type" "text/plain"},
						    :body  "Hello Clojure & Nginx!" 
						    })
          
2017/09/10 00:05:00 [alert] 4376#0: worker process 4377 exited with fatal code 2 and cannot be respawned
2017/09/10 00:06:42 [error] 4407#0: detect jvm error, cmd : "java" -Djava.class.path=libs/res: nginx.clojure.DiscoverJvm 
, result : 
2017/09/10 00:06:42 [error] 4407#0: can not find installed JRE/JDK
2017/09/10 00:34:43 [alert] 4506#0: jvm_options "-Djava.class.path" is deprecated please use jvm_classpath which is better.
e.g. 		jvm_classpath '/my-jars-path1/*:/my-classes'; 
	all jars and sub-directory in my-jars-path1 will be set to the jvm classpath.
 in /home/koji/downloads/nginx-clojure-0.4.5/conf/nginx.conf:60
Exception in thread "main" java.lang.NoClassDefFoundError: nginx/clojure/MiniConstants
Caused by: java.lang.ClassNotFoundException: nginx.clojure.MiniConstants
	at java.net.URLClassLoader.findClass(Unknown Source)
	at java.lang.ClassLoader.loadClass(Unknown Source)
	at sun.misc.Launcher$AppClassLoader.loadClass(Unknown Source)
	at java.lang.ClassLoader.loadClass(Unknown Source)
2017/09/10 00:34:43 [error] 4508#0: can not initialize jvm memory util
2017/09/10 00:34:43 [error] 4508#0: jvm start times 1
2017/09/10 00:34:43 [alert] 4507#0: worker process 4508 exited with fatal code 2 and cannot be respawned
2017/09/10 00:35:05 [alert] 4525#0: jvm_options "-Djava.class.path" is deprecated please use jvm_classpath which is better.
e.g. 		jvm_classpath '/my-jars-path1/*:/my-classes'; 
	all jars and sub-directory in my-jars-path1 will be set to the jvm classpath.
 in /home/koji/downloads/nginx-clojure-0.4.5/conf/nginx.conf:60
Exception in thread "main" java.lang.NoClassDefFoundError: nginx/clojure/MiniConstants
Caused by: java.lang.ClassNotFoundException: nginx.clojure.MiniConstants
	at java.net.URLClassLoader.findClass(Unknown Source)
	at java.lang.ClassLoader.loadClass(Unknown Source)
	at sun.misc.Launcher$AppClassLoader.loadClass(Unknown Source)
	at java.lang.ClassLoader.loadClass(Unknown Source)
2017/09/10 00:35:05 [error] 4527#0: can not initialize jvm memory util
2017/09/10 00:35:05 [error] 4527#0: jvm start times 1
2017/09/10 00:35:05 [alert] 4526#0: worker process 4527 exited with fatal code 2 and cannot be respawned
2017/09/10 00:37:58 [alert] 4549#0: jvm_options "-Djava.class.path" is deprecated please use jvm_classpath which is better.
e.g. 		jvm_classpath '/my-jars-path1/*:/my-classes'; 
	all jars and sub-directory in my-jars-path1 will be set to the jvm classpath.
 in /home/koji/downloads/nginx-clojure-0.4.5/conf/nginx.conf:60
2017/09/10 00:38:11 [error] 4551#0: *1 open() "/home/koji/downloads/nginx-clojure-0.4.5/html/favicon.ico" failed (2: No such file or directory), client: 125.30.9.21, server: localhost, request: "GET /favicon.ico HTTP/1.1", host: "www2348ue.sakura.ne.jp:8088"
2017/09/10 00:38:11 [error] 4551#0: *1 open() "/home/koji/downloads/nginx-clojure-0.4.5/html/favicon.ico" failed (2: No such file or directory), client: 125.30.9.21, server: localhost, request: "GET /favicon.ico HTTP/1.1", host: "www2348ue.sakura.ne.jp:8088"
2017/09/10 00:51:34 [emerg] 4626#0: check access jvm classpath file "~/.m2/repository/org/clojure/clojure/1.8.0/clojure-1.8.0.jar" failed by os user "koji" (2: No such file or directory)
2017/09/10 01:02:37 [emerg] 4680#0: duplicate location "/" in /home/koji/downloads/nginx-clojure-0.4.5/conf/nginx.conf:98
Exception in thread "main" java.io.FileNotFoundException: Could not locate apps__init.class or apps.clj on classpath.
	at clojure.lang.RT.load(RT.java:456)
	at clojure.lang.RT.load(RT.java:419)
	at clojure.core$load$fn__5677.invoke(core.clj:5893)
	at clojure.core$load.invokeStatic(core.clj:5892)
	at clojure.core$load.doInvoke(core.clj:5876)
	at clojure.lang.RestFn.invoke(RestFn.java:408)
	at clojure.core$load_one.invokeStatic(core.clj:5697)
	at clojure.core$load_one.invoke(core.clj:5692)
	at clojure.core$load_lib$fn__5626.invoke(core.clj:5737)
	at clojure.core$load_lib.invokeStatic(core.clj:5736)
	at clojure.core$load_lib.doInvoke(core.clj:5717)
	at clojure.lang.RestFn.applyTo(RestFn.java:142)
	at clojure.core$apply.invokeStatic(core.clj:648)
	at clojure.core$load_libs.invokeStatic(core.clj:5774)
	at clojure.core$load_libs.doInvoke(core.clj:5758)
	at clojure.lang.RestFn.applyTo(RestFn.java:137)
	at clojure.core$apply.invokeStatic(core.clj:648)
	at clojure.core$require.invokeStatic(core.clj:5796)
	at clojure.core$require.doInvoke(core.clj:5796)
	at clojure.lang.RestFn.invoke(RestFn.java:408)
	at clojure.core$eval5.invokeStatic(NO_SOURCE_FILE:0)
	at clojure.core$eval5.invoke(NO_SOURCE_FILE)
	at clojure.lang.Compiler.eval(Compiler.java:6927)
	at clojure.lang.Compiler.eval(Compiler.java:6916)
	at clojure.lang.Compiler.eval(Compiler.java:6890)
	at clojure.core$eval.invokeStatic(core.clj:3105)
	at clojure.core$eval.invoke(core.clj:3101)
	at clojure.lang.Var.invoke(Var.java:379)
	at nginx.clojure.clj.NginxClojureHandlerFactory.newInstance(NginxClojureHandlerFactory.java:45)
	at nginx.clojure.NginxHandlerFactory.fetchHandler(NginxHandlerFactory.java:46)
	at nginx.clojure.NginxClojureRT.registerCode(NginxClojureRT.java:866)
2017/09/10 01:03:19 [error] 4687#0: invalid clojure content_handler code : apps/my-app
2017/09/10 01:03:21 [alert] 4686#0: worker process 4687 exited with fatal code 2 and cannot be respawned
Exception in thread "main" java.io.FileNotFoundException: Could not locate apps__init.class or apps.clj on classpath.
	at clojure.lang.RT.load(RT.java:456)
	at clojure.lang.RT.load(RT.java:419)
	at clojure.core$load$fn__5677.invoke(core.clj:5893)
	at clojure.core$load.invokeStatic(core.clj:5892)
	at clojure.core$load.doInvoke(core.clj:5876)
	at clojure.lang.RestFn.invoke(RestFn.java:408)
	at clojure.core$load_one.invokeStatic(core.clj:5697)
	at clojure.core$load_one.invoke(core.clj:5692)
	at clojure.core$load_lib$fn__5626.invoke(core.clj:5737)
	at clojure.core$load_lib.invokeStatic(core.clj:5736)
	at clojure.core$load_lib.doInvoke(core.clj:5717)
	at clojure.lang.RestFn.applyTo(RestFn.java:142)
	at clojure.core$apply.invokeStatic(core.clj:648)
	at clojure.core$load_libs.invokeStatic(core.clj:5774)
	at clojure.core$load_libs.doInvoke(core.clj:5758)
	at clojure.lang.RestFn.applyTo(RestFn.java:137)
	at clojure.core$apply.invokeStatic(core.clj:648)
	at clojure.core$require.invokeStatic(core.clj:5796)
	at clojure.core$require.doInvoke(core.clj:5796)
	at clojure.lang.RestFn.invoke(RestFn.java:408)
	at clojure.core$eval5.invokeStatic(NO_SOURCE_FILE:0)
	at clojure.core$eval5.invoke(NO_SOURCE_FILE)
	at clojure.lang.Compiler.eval(Compiler.java:6927)
	at clojure.lang.Compiler.eval(Compiler.java:6916)
	at clojure.lang.Compiler.eval(Compiler.java:6890)
	at clojure.core$eval.invokeStatic(core.clj:3105)
	at clojure.core$eval.invoke(core.clj:3101)
	at clojure.lang.Var.invoke(Var.java:379)
	at nginx.clojure.clj.NginxClojureHandlerFactory.newInstance(NginxClojureHandlerFactory.java:45)
	at nginx.clojure.NginxHandlerFactory.fetchHandler(NginxHandlerFactory.java:46)
	at nginx.clojure.NginxClojureRT.registerCode(NginxClojureRT.java:866)
2017/09/10 01:19:51 [error] 4744#0: invalid clojure content_handler code : apps/my-app
2017/09/10 01:19:53 [alert] 4743#0: worker process 4744 exited with fatal code 2 and cannot be respawned
Exception in thread "main" java.io.FileNotFoundException: Could not locate apps__init.class or apps.clj on classpath.
	at clojure.lang.RT.load(RT.java:456)
	at clojure.lang.RT.load(RT.java:419)
	at clojure.core$load$fn__5677.invoke(core.clj:5893)
	at clojure.core$load.invokeStatic(core.clj:5892)
	at clojure.core$load.doInvoke(core.clj:5876)
	at clojure.lang.RestFn.invoke(RestFn.java:408)
	at clojure.core$load_one.invokeStatic(core.clj:5697)
	at clojure.core$load_one.invoke(core.clj:5692)
	at clojure.core$load_lib$fn__5626.invoke(core.clj:5737)
	at clojure.core$load_lib.invokeStatic(core.clj:5736)
	at clojure.core$load_lib.doInvoke(core.clj:5717)
	at clojure.lang.RestFn.applyTo(RestFn.java:142)
	at clojure.core$apply.invokeStatic(core.clj:648)
	at clojure.core$load_libs.invokeStatic(core.clj:5774)
	at clojure.core$load_libs.doInvoke(core.clj:5758)
	at clojure.lang.RestFn.applyTo(RestFn.java:137)
	at clojure.core$apply.invokeStatic(core.clj:648)
	at clojure.core$require.invokeStatic(core.clj:5796)
	at clojure.core$require.doInvoke(core.clj:5796)
	at clojure.lang.RestFn.invoke(RestFn.java:408)
	at clojure.core$eval5.invokeStatic(NO_SOURCE_FILE:0)
	at clojure.core$eval5.invoke(NO_SOURCE_FILE)
	at clojure.lang.Compiler.eval(Compiler.java:6927)
	at clojure.lang.Compiler.eval(Compiler.java:6916)
	at clojure.lang.Compiler.eval(Compiler.java:6890)
	at clojure.core$eval.invokeStatic(core.clj:3105)
	at clojure.core$eval.invoke(core.clj:3101)
	at clojure.lang.Var.invoke(Var.java:379)
	at nginx.clojure.clj.NginxClojureHandlerFactory.newInstance(NginxClojureHandlerFactory.java:45)
	at nginx.clojure.NginxHandlerFactory.fetchHandler(NginxHandlerFactory.java:46)
	at nginx.clojure.NginxClojureRT.registerCode(NginxClojureRT.java:866)
2017/09/10 01:35:12 [error] 5095#0: invalid clojure content_handler code : apps/my-app
2017/09/10 01:35:14 [alert] 5094#0: worker process 5095 exited with fatal code 2 and cannot be respawned
Exception in thread "main" java.io.FileNotFoundException: Could not locate apps__init.class or apps.clj on classpath.
	at clojure.lang.RT.load(RT.java:456)
	at clojure.lang.RT.load(RT.java:419)
	at clojure.core$load$fn__5677.invoke(core.clj:5893)
	at clojure.core$load.invokeStatic(core.clj:5892)
	at clojure.core$load.doInvoke(core.clj:5876)
	at clojure.lang.RestFn.invoke(RestFn.java:408)
	at clojure.core$load_one.invokeStatic(core.clj:5697)
	at clojure.core$load_one.invoke(core.clj:5692)
	at clojure.core$load_lib$fn__5626.invoke(core.clj:5737)
	at clojure.core$load_lib.invokeStatic(core.clj:5736)
	at clojure.core$load_lib.doInvoke(core.clj:5717)
	at clojure.lang.RestFn.applyTo(RestFn.java:142)
	at clojure.core$apply.invokeStatic(core.clj:648)
	at clojure.core$load_libs.invokeStatic(core.clj:5774)
	at clojure.core$load_libs.doInvoke(core.clj:5758)
	at clojure.lang.RestFn.applyTo(RestFn.java:137)
	at clojure.core$apply.invokeStatic(core.clj:648)
	at clojure.core$require.invokeStatic(core.clj:5796)
	at clojure.core$require.doInvoke(core.clj:5796)
	at clojure.lang.RestFn.invoke(RestFn.java:408)
	at clojure.core$eval1.invokeStatic(NO_SOURCE_FILE:0)
	at clojure.core$eval1.invoke(NO_SOURCE_FILE)
	at clojure.lang.Compiler.eval(Compiler.java:6927)
	at clojure.lang.Compiler.eval(Compiler.java:6916)
	at clojure.lang.Compiler.eval(Compiler.java:6890)
	at clojure.core$eval.invokeStatic(core.clj:3105)
	at clojure.core$eval.invoke(core.clj:3101)
	at clojure.lang.Var.invoke(Var.java:379)
	at nginx.clojure.clj.NginxClojureHandlerFactory.newInstance(NginxClojureHandlerFactory.java:45)
	at nginx.clojure.NginxHandlerFactory.fetchHandler(NginxHandlerFactory.java:46)
	at nginx.clojure.NginxClojureRT.registerCode(NginxClojureRT.java:866)
2017/09/10 01:38:46 [error] 5117#0: invalid clojure content_handler code : apps/my-app
2017/09/10 01:38:48 [alert] 5116#0: worker process 5117 exited with fatal code 2 and cannot be respawned
2017/09/10 01:41:47 [notice] 5145#0: signal process started
Exception in thread "main" java.io.FileNotFoundException: Could not locate apps__init.class or apps.clj on classpath.
	at clojure.lang.RT.load(RT.java:456)
	at clojure.lang.RT.load(RT.java:419)
	at clojure.core$load$fn__5677.invoke(core.clj:5893)
	at clojure.core$load.invokeStatic(core.clj:5892)
	at clojure.core$load.doInvoke(core.clj:5876)
	at clojure.lang.RestFn.invoke(RestFn.java:408)
	at clojure.core$load_one.invokeStatic(core.clj:5697)
	at clojure.core$load_one.invoke(core.clj:5692)
	at clojure.core$load_lib$fn__5626.invoke(core.clj:5737)
	at clojure.core$load_lib.invokeStatic(core.clj:5736)
	at clojure.core$load_lib.doInvoke(core.clj:5717)
	at clojure.lang.RestFn.applyTo(RestFn.java:142)
	at clojure.core$apply.invokeStatic(core.clj:648)
	at clojure.core$load_libs.invokeStatic(core.clj:5774)
	at clojure.core$load_libs.doInvoke(core.clj:5758)
	at clojure.lang.RestFn.applyTo(RestFn.java:137)
	at clojure.core$apply.invokeStatic(core.clj:648)
	at clojure.core$require.invokeStatic(core.clj:5796)
	at clojure.core$require.doInvoke(core.clj:5796)
	at clojure.lang.RestFn.invoke(RestFn.java:408)
	at clojure.core$eval1.invokeStatic(NO_SOURCE_FILE:0)
	at clojure.core$eval1.invoke(NO_SOURCE_FILE)
	at clojure.lang.Compiler.eval(Compiler.java:6927)
	at clojure.lang.Compiler.eval(Compiler.java:6916)
	at clojure.lang.Compiler.eval(Compiler.java:6890)
	at clojure.core$eval.invokeStatic(core.clj:3105)
	at clojure.core$eval.invoke(core.clj:3101)
	at clojure.lang.Var.invoke(Var.java:379)
	at nginx.clojure.clj.NginxClojureHandlerFactory.newInstance(NginxClojureHandlerFactory.java:45)
	at nginx.clojure.NginxHandlerFactory.fetchHandler(NginxHandlerFactory.java:46)
	at nginx.clojure.NginxClojureRT.registerCode(NginxClojureRT.java:866)
2017/09/10 01:41:47 [error] 5146#0: invalid clojure content_handler code : apps/my-app
2017/09/10 01:41:49 [alert] 5116#0: worker process 5146 exited with fatal code 2 and cannot be respawned
2017/09/10 01:43:18 [notice] 5162#0: signal process started
Exception in thread "main" java.io.FileNotFoundException: Could not locate apps__init.class or apps.clj on classpath.
	at clojure.lang.RT.load(RT.java:456)
	at clojure.lang.RT.load(RT.java:419)
	at clojure.core$load$fn__5677.invoke(core.clj:5893)
	at clojure.core$load.invokeStatic(core.clj:5892)
	at clojure.core$load.doInvoke(core.clj:5876)
	at clojure.lang.RestFn.invoke(RestFn.java:408)
	at clojure.core$load_one.invokeStatic(core.clj:5697)
	at clojure.core$load_one.invoke(core.clj:5692)
	at clojure.core$load_lib$fn__5626.invoke(core.clj:5737)
	at clojure.core$load_lib.invokeStatic(core.clj:5736)
	at clojure.core$load_lib.doInvoke(core.clj:5717)
	at clojure.lang.RestFn.applyTo(RestFn.java:142)
	at clojure.core$apply.invokeStatic(core.clj:648)
	at clojure.core$load_libs.invokeStatic(core.clj:5774)
	at clojure.core$load_libs.doInvoke(core.clj:5758)
	at clojure.lang.RestFn.applyTo(RestFn.java:137)
	at clojure.core$apply.invokeStatic(core.clj:648)
	at clojure.core$require.invokeStatic(core.clj:5796)
	at clojure.core$require.doInvoke(core.clj:5796)
	at clojure.lang.RestFn.invoke(RestFn.java:408)
	at clojure.core$eval1.invokeStatic(NO_SOURCE_FILE:0)
	at clojure.core$eval1.invoke(NO_SOURCE_FILE)
	at clojure.lang.Compiler.eval(Compiler.java:6927)
	at clojure.lang.Compiler.eval(Compiler.java:6916)
	at clojure.lang.Compiler.eval(Compiler.java:6890)
	at clojure.core$eval.invokeStatic(core.clj:3105)
	at clojure.core$eval.invoke(core.clj:3101)
	at clojure.lang.Var.invoke(Var.java:379)
	at nginx.clojure.clj.NginxClojureHandlerFactory.newInstance(NginxClojureHandlerFactory.java:45)
	at nginx.clojure.NginxHandlerFactory.fetchHandler(NginxHandlerFactory.java:46)
	at nginx.clojure.NginxClojureRT.registerCode(NginxClojureRT.java:866)
2017/09/10 01:43:18 [error] 5163#0: invalid clojure content_handler code : apps/myapp
2017/09/10 01:43:20 [alert] 5116#0: worker process 5163 exited with fatal code 2 and cannot be respawned
2017/09/10 01:43:41 [notice] 5177#0: signal process started
2017/09/10 01:43:41 [error] 5177#0: open() "/home/koji/downloads/nginx-clojure-0.4.5/logs/nginx.pid" failed (2: No such file or directory)
Exception in thread "main" java.io.FileNotFoundException: Could not locate apps__init.class or apps.clj on classpath.
	at clojure.lang.RT.load(RT.java:456)
	at clojure.lang.RT.load(RT.java:419)
	at clojure.core$load$fn__5677.invoke(core.clj:5893)
	at clojure.core$load.invokeStatic(core.clj:5892)
	at clojure.core$load.doInvoke(core.clj:5876)
	at clojure.lang.RestFn.invoke(RestFn.java:408)
	at clojure.core$load_one.invokeStatic(core.clj:5697)
	at clojure.core$load_one.invoke(core.clj:5692)
	at clojure.core$load_lib$fn__5626.invoke(core.clj:5737)
	at clojure.core$load_lib.invokeStatic(core.clj:5736)
	at clojure.core$load_lib.doInvoke(core.clj:5717)
	at clojure.lang.RestFn.applyTo(RestFn.java:142)
	at clojure.core$apply.invokeStatic(core.clj:648)
	at clojure.core$load_libs.invokeStatic(core.clj:5774)
	at clojure.core$load_libs.doInvoke(core.clj:5758)
	at clojure.lang.RestFn.applyTo(RestFn.java:137)
	at clojure.core$apply.invokeStatic(core.clj:648)
	at clojure.core$require.invokeStatic(core.clj:5796)
	at clojure.core$require.doInvoke(core.clj:5796)
	at clojure.lang.RestFn.invoke(RestFn.java:408)
	at clojure.core$eval1.invokeStatic(NO_SOURCE_FILE:0)
	at clojure.core$eval1.invoke(NO_SOURCE_FILE)
	at clojure.lang.Compiler.eval(Compiler.java:6927)
	at clojure.lang.Compiler.eval(Compiler.java:6916)
	at clojure.lang.Compiler.eval(Compiler.java:6890)
	at clojure.core$eval.invokeStatic(core.clj:3105)
	at clojure.core$eval.invoke(core.clj:3101)
	at clojure.lang.Var.invoke(Var.java:379)
	at nginx.clojure.clj.NginxClojureHandlerFactory.newInstance(NginxClojureHandlerFactory.java:45)
	at nginx.clojure.NginxHandlerFactory.fetchHandler(NginxHandlerFactory.java:46)
	at nginx.clojure.NginxClojureRT.registerCode(NginxClojureRT.java:866)
2017/09/10 01:43:48 [error] 5180#0: invalid clojure content_handler code : apps/myapp
2017/09/10 01:43:50 [alert] 5179#0: worker process 5180 exited with fatal code 2 and cannot be respawned
2017/09/10 01:44:43 [notice] 5206#0: signal process started
Exception in thread "main" java.io.FileNotFoundException: Could not locate apps__init.class or apps.clj on classpath.
	at clojure.lang.RT.load(RT.java:456)
	at clojure.lang.RT.load(RT.java:419)
	at clojure.core$load$fn__5677.invoke(core.clj:5893)
	at clojure.core$load.invokeStatic(core.clj:5892)
	at clojure.core$load.doInvoke(core.clj:5876)
	at clojure.lang.RestFn.invoke(RestFn.java:408)
	at clojure.core$load_one.invokeStatic(core.clj:5697)
	at clojure.core$load_one.invoke(core.clj:5692)
	at clojure.core$load_lib$fn__5626.invoke(core.clj:5737)
	at clojure.core$load_lib.invokeStatic(core.clj:5736)
	at clojure.core$load_lib.doInvoke(core.clj:5717)
	at clojure.lang.RestFn.applyTo(RestFn.java:142)
	at clojure.core$apply.invokeStatic(core.clj:648)
	at clojure.core$load_libs.invokeStatic(core.clj:5774)
	at clojure.core$load_libs.doInvoke(core.clj:5758)
	at clojure.lang.RestFn.applyTo(RestFn.java:137)
	at clojure.core$apply.invokeStatic(core.clj:648)
	at clojure.core$require.invokeStatic(core.clj:5796)
	at clojure.core$require.doInvoke(core.clj:5796)
	at clojure.lang.RestFn.invoke(RestFn.java:408)
	at clojure.core$eval1.invokeStatic(NO_SOURCE_FILE:0)
	at clojure.core$eval1.invoke(NO_SOURCE_FILE)
	at clojure.lang.Compiler.eval(Compiler.java:6927)
	at clojure.lang.Compiler.eval(Compiler.java:6916)
	at clojure.lang.Compiler.eval(Compiler.java:6890)
	at clojure.core$eval.invokeStatic(core.clj:3105)
	at clojure.core$eval.invoke(core.clj:3101)
	at clojure.lang.Var.invoke(Var.java:379)
	at nginx.clojure.clj.NginxClojureHandlerFactory.newInstance(NginxClojureHandlerFactory.java:45)
	at nginx.clojure.NginxHandlerFactory.fetchHandler(NginxHandlerFactory.java:46)
	at nginx.clojure.NginxClojureRT.registerCode(NginxClojureRT.java:866)
2017/09/10 01:44:43 [error] 5207#0: invalid clojure content_handler code : apps/myapp
2017/09/10 01:44:45 [alert] 5179#0: worker process 5207 exited with fatal code 2 and cannot be respawned
2017/09/10 01:45:57 [notice] 5232#0: signal process started
Exception in thread "main" java.io.FileNotFoundException: Could not locate apps__init.class or apps.clj on classpath.
	at clojure.lang.RT.load(RT.java:456)
	at clojure.lang.RT.load(RT.java:419)
	at clojure.core$load$fn__5677.invoke(core.clj:5893)
	at clojure.core$load.invokeStatic(core.clj:5892)
	at clojure.core$load.doInvoke(core.clj:5876)
	at clojure.lang.RestFn.invoke(RestFn.java:408)
	at clojure.core$load_one.invokeStatic(core.clj:5697)
	at clojure.core$load_one.invoke(core.clj:5692)
	at clojure.core$load_lib$fn__5626.invoke(core.clj:5737)
	at clojure.core$load_lib.invokeStatic(core.clj:5736)
	at clojure.core$load_lib.doInvoke(core.clj:5717)
	at clojure.lang.RestFn.applyTo(RestFn.java:142)
	at clojure.core$apply.invokeStatic(core.clj:648)
	at clojure.core$load_libs.invokeStatic(core.clj:5774)
	at clojure.core$load_libs.doInvoke(core.clj:5758)
	at clojure.lang.RestFn.applyTo(RestFn.java:137)
	at clojure.core$apply.invokeStatic(core.clj:648)
	at clojure.core$require.invokeStatic(core.clj:5796)
	at clojure.core$require.doInvoke(core.clj:5796)
	at clojure.lang.RestFn.invoke(RestFn.java:408)
	at clojure.core$eval1.invokeStatic(NO_SOURCE_FILE:0)
	at clojure.core$eval1.invoke(NO_SOURCE_FILE)
	at clojure.lang.Compiler.eval(Compiler.java:6927)
	at clojure.lang.Compiler.eval(Compiler.java:6916)
	at clojure.lang.Compiler.eval(Compiler.java:6890)
	at clojure.core$eval.invokeStatic(core.clj:3105)
	at clojure.core$eval.invoke(core.clj:3101)
	at clojure.lang.Var.invoke(Var.java:379)
	at nginx.clojure.clj.NginxClojureHandlerFactory.newInstance(NginxClojureHandlerFactory.java:45)
	at nginx.clojure.NginxHandlerFactory.fetchHandler(NginxHandlerFactory.java:46)
	at nginx.clojure.NginxClojureRT.registerCode(NginxClojureRT.java:866)
2017/09/10 01:45:57 [error] 5233#0: invalid clojure content_handler code : apps/myapp
2017/09/10 01:45:59 [alert] 5179#0: worker process 5233 exited with fatal code 2 and cannot be respawned
Exception in thread "main" java.io.FileNotFoundException: Could not locate apps__init.class or apps.clj on classpath.
	at clojure.lang.RT.load(RT.java:456)
	at clojure.lang.RT.load(RT.java:419)
	at clojure.core$load$fn__5677.invoke(core.clj:5893)
	at clojure.core$load.invokeStatic(core.clj:5892)
	at clojure.core$load.doInvoke(core.clj:5876)
	at clojure.lang.RestFn.invoke(RestFn.java:408)
	at clojure.core$load_one.invokeStatic(core.clj:5697)
	at clojure.core$load_one.invoke(core.clj:5692)
	at clojure.core$load_lib$fn__5626.invoke(core.clj:5737)
	at clojure.core$load_lib.invokeStatic(core.clj:5736)
	at clojure.core$load_lib.doInvoke(core.clj:5717)
	at clojure.lang.RestFn.applyTo(RestFn.java:142)
	at clojure.core$apply.invokeStatic(core.clj:648)
	at clojure.core$load_libs.invokeStatic(core.clj:5774)
	at clojure.core$load_libs.doInvoke(core.clj:5758)
	at clojure.lang.RestFn.applyTo(RestFn.java:137)
	at clojure.core$apply.invokeStatic(core.clj:648)
	at clojure.core$require.invokeStatic(core.clj:5796)
	at clojure.core$require.doInvoke(core.clj:5796)
	at clojure.lang.RestFn.invoke(RestFn.java:408)
	at clojure.core$eval1.invokeStatic(NO_SOURCE_FILE:0)
	at clojure.core$eval1.invoke(NO_SOURCE_FILE)
	at clojure.lang.Compiler.eval(Compiler.java:6927)
	at clojure.lang.Compiler.eval(Compiler.java:6916)
	at clojure.lang.Compiler.eval(Compiler.java:6890)
	at clojure.core$eval.invokeStatic(core.clj:3105)
	at clojure.core$eval.invoke(core.clj:3101)
	at clojure.lang.Var.invoke(Var.java:379)
	at nginx.clojure.clj.NginxClojureHandlerFactory.newInstance(NginxClojureHandlerFactory.java:45)
	at nginx.clojure.NginxHandlerFactory.fetchHandler(NginxHandlerFactory.java:46)
	at nginx.clojure.NginxClojureRT.registerCode(NginxClojureRT.java:866)
2017/09/10 02:02:50 [error] 5298#0: invalid clojure content_handler code : apps/myapp
2017/09/10 02:02:52 [alert] 5297#0: worker process 5298 exited with fatal code 2 and cannot be respawned
2017/09/10 02:10:05 [notice] 5330#0: signal process started
Exception in thread "main" java.io.FileNotFoundException: Could not locate apps__init.class or apps.clj on classpath.
	at clojure.lang.RT.load(RT.java:456)
	at clojure.lang.RT.load(RT.java:419)
	at clojure.core$load$fn__5677.invoke(core.clj:5893)
	at clojure.core$load.invokeStatic(core.clj:5892)
	at clojure.core$load.doInvoke(core.clj:5876)
	at clojure.lang.RestFn.invoke(RestFn.java:408)
	at clojure.core$load_one.invokeStatic(core.clj:5697)
	at clojure.core$load_one.invoke(core.clj:5692)
	at clojure.core$load_lib$fn__5626.invoke(core.clj:5737)
	at clojure.core$load_lib.invokeStatic(core.clj:5736)
	at clojure.core$load_lib.doInvoke(core.clj:5717)
	at clojure.lang.RestFn.applyTo(RestFn.java:142)
	at clojure.core$apply.invokeStatic(core.clj:648)
	at clojure.core$load_libs.invokeStatic(core.clj:5774)
	at clojure.core$load_libs.doInvoke(core.clj:5758)
	at clojure.lang.RestFn.applyTo(RestFn.java:137)
	at clojure.core$apply.invokeStatic(core.clj:648)
	at clojure.core$require.invokeStatic(core.clj:5796)
	at clojure.core$require.doInvoke(core.clj:5796)
	at clojure.lang.RestFn.invoke(RestFn.java:408)
	at clojure.core$eval1.invokeStatic(NO_SOURCE_FILE:0)
	at clojure.core$eval1.invoke(NO_SOURCE_FILE)
	at clojure.lang.Compiler.eval(Compiler.java:6927)
	at clojure.lang.Compiler.eval(Compiler.java:6916)
	at clojure.lang.Compiler.eval(Compiler.java:6890)
	at clojure.core$eval.invokeStatic(core.clj:3105)
	at clojure.core$eval.invoke(core.clj:3101)
	at clojure.lang.Var.invoke(Var.java:379)
	at nginx.clojure.clj.NginxClojureHandlerFactory.newInstance(NginxClojureHandlerFactory.java:45)
	at nginx.clojure.NginxHandlerFactory.fetchHandler(NginxHandlerFactory.java:46)
	at nginx.clojure.NginxClojureRT.registerCode(NginxClojureRT.java:866)
2017/09/10 02:10:05 [error] 5331#0: invalid clojure content_handler code : apps/myapp
2017/09/10 02:10:07 [alert] 5297#0: worker process 5331 exited with fatal code 2 and cannot be respawned
2017/09/10 02:10:15 [notice] 5346#0: signal process started
Exception in thread "main" java.io.FileNotFoundException: Could not locate apps__init.class or apps.clj on classpath.
	at clojure.lang.RT.load(RT.java:456)
	at clojure.lang.RT.load(RT.java:419)
	at clojure.core$load$fn__5677.invoke(core.clj:5893)
	at clojure.core$load.invokeStatic(core.clj:5892)
	at clojure.core$load.doInvoke(core.clj:5876)
	at clojure.lang.RestFn.invoke(RestFn.java:408)
	at clojure.core$load_one.invokeStatic(core.clj:5697)
	at clojure.core$load_one.invoke(core.clj:5692)
	at clojure.core$load_lib$fn__5626.invoke(core.clj:5737)
	at clojure.core$load_lib.invokeStatic(core.clj:5736)
	at clojure.core$load_lib.doInvoke(core.clj:5717)
	at clojure.lang.RestFn.applyTo(RestFn.java:142)
	at clojure.core$apply.invokeStatic(core.clj:648)
	at clojure.core$load_libs.invokeStatic(core.clj:5774)
	at clojure.core$load_libs.doInvoke(core.clj:5758)
	at clojure.lang.RestFn.applyTo(RestFn.java:137)
	at clojure.core$apply.invokeStatic(core.clj:648)
	at clojure.core$require.invokeStatic(core.clj:5796)
	at clojure.core$require.doInvoke(core.clj:5796)
	at clojure.lang.RestFn.invoke(RestFn.java:408)
	at clojure.core$eval1.invokeStatic(NO_SOURCE_FILE:0)
	at clojure.core$eval1.invoke(NO_SOURCE_FILE)
	at clojure.lang.Compiler.eval(Compiler.java:6927)
	at clojure.lang.Compiler.eval(Compiler.java:6916)
	at clojure.lang.Compiler.eval(Compiler.java:6890)
	at clojure.core$eval.invokeStatic(core.clj:3105)
	at clojure.core$eval.invoke(core.clj:3101)
	at clojure.lang.Var.invoke(Var.java:379)
	at nginx.clojure.clj.NginxClojureHandlerFactory.newInstance(NginxClojureHandlerFactory.java:45)
	at nginx.clojure.NginxHandlerFactory.fetchHandler(NginxHandlerFactory.java:46)
	at nginx.clojure.NginxClojureRT.registerCode(NginxClojureRT.java:866)
2017/09/10 02:10:15 [error] 5347#0: invalid clojure content_handler code : apps/myapp
2017/09/10 02:10:17 [alert] 5297#0: worker process 5347 exited with fatal code 2 and cannot be respawned
2017/09/10 02:16:26 [notice] 5375#0: signal process started
Exception in thread "main" java.io.FileNotFoundException: Could not locate apps__init.class or apps.clj on classpath.
	at clojure.lang.RT.load(RT.java:456)
	at clojure.lang.RT.load(RT.java:419)
	at clojure.core$load$fn__5677.invoke(core.clj:5893)
	at clojure.core$load.invokeStatic(core.clj:5892)
	at clojure.core$load.doInvoke(core.clj:5876)
	at clojure.lang.RestFn.invoke(RestFn.java:408)
	at clojure.core$load_one.invokeStatic(core.clj:5697)
	at clojure.core$load_one.invoke(core.clj:5692)
	at clojure.core$load_lib$fn__5626.invoke(core.clj:5737)
	at clojure.core$load_lib.invokeStatic(core.clj:5736)
	at clojure.core$load_lib.doInvoke(core.clj:5717)
	at clojure.lang.RestFn.applyTo(RestFn.java:142)
	at clojure.core$apply.invokeStatic(core.clj:648)
	at clojure.core$load_libs.invokeStatic(core.clj:5774)
	at clojure.core$load_libs.doInvoke(core.clj:5758)
	at clojure.lang.RestFn.applyTo(RestFn.java:137)
	at clojure.core$apply.invokeStatic(core.clj:648)
	at clojure.core$require.invokeStatic(core.clj:5796)
	at clojure.core$require.doInvoke(core.clj:5796)
	at clojure.lang.RestFn.invoke(RestFn.java:408)
	at clojure.core$eval1.invokeStatic(NO_SOURCE_FILE:0)
	at clojure.core$eval1.invoke(NO_SOURCE_FILE)
	at clojure.lang.Compiler.eval(Compiler.java:6927)
	at clojure.lang.Compiler.eval(Compiler.java:6916)
	at clojure.lang.Compiler.eval(Compiler.java:6890)
	at clojure.core$eval.invokeStatic(core.clj:3105)
	at clojure.core$eval.invoke(core.clj:3101)
	at clojure.lang.Var.invoke(Var.java:379)
	at nginx.clojure.clj.NginxClojureHandlerFactory.newInstance(NginxClojureHandlerFactory.java:45)
	at nginx.clojure.NginxHandlerFactory.fetchHandler(NginxHandlerFactory.java:46)
	at nginx.clojure.NginxClojureRT.registerCode(NginxClojureRT.java:866)
2017/09/10 02:16:26 [error] 5376#0: invalid clojure content_handler code : apps/myapp
2017/09/10 02:16:28 [alert] 5297#0: worker process 5376 exited with fatal code 2 and cannot be respawned
2017/09/10 02:16:46 [notice] 5390#0: signal process started
2017/09/10 02:16:46 [error] 5390#0: open() "/home/koji/downloads/nginx-clojure-0.4.5/logs/nginx.pid" failed (2: No such file or directory)
Exception in thread "main" java.io.FileNotFoundException: Could not locate apps__init.class or apps.clj on classpath.
	at clojure.lang.RT.load(RT.java:456)
	at clojure.lang.RT.load(RT.java:419)
	at clojure.core$load$fn__5677.invoke(core.clj:5893)
	at clojure.core$load.invokeStatic(core.clj:5892)
	at clojure.core$load.doInvoke(core.clj:5876)
	at clojure.lang.RestFn.invoke(RestFn.java:408)
	at clojure.core$load_one.invokeStatic(core.clj:5697)
	at clojure.core$load_one.invoke(core.clj:5692)
	at clojure.core$load_lib$fn__5626.invoke(core.clj:5737)
	at clojure.core$load_lib.invokeStatic(core.clj:5736)
	at clojure.core$load_lib.doInvoke(core.clj:5717)
	at clojure.lang.RestFn.applyTo(RestFn.java:142)
	at clojure.core$apply.invokeStatic(core.clj:648)
	at clojure.core$load_libs.invokeStatic(core.clj:5774)
	at clojure.core$load_libs.doInvoke(core.clj:5758)
	at clojure.lang.RestFn.applyTo(RestFn.java:137)
	at clojure.core$apply.invokeStatic(core.clj:648)
	at clojure.core$require.invokeStatic(core.clj:5796)
	at clojure.core$require.doInvoke(core.clj:5796)
	at clojure.lang.RestFn.invoke(RestFn.java:408)
	at clojure.core$eval1.invokeStatic(NO_SOURCE_FILE:0)
	at clojure.core$eval1.invoke(NO_SOURCE_FILE)
	at clojure.lang.Compiler.eval(Compiler.java:6927)
	at clojure.lang.Compiler.eval(Compiler.java:6916)
	at clojure.lang.Compiler.eval(Compiler.java:6890)
	at clojure.core$eval.invokeStatic(core.clj:3105)
	at clojure.core$eval.invoke(core.clj:3101)
	at clojure.lang.Var.invoke(Var.java:379)
	at nginx.clojure.clj.NginxClojureHandlerFactory.newInstance(NginxClojureHandlerFactory.java:45)
	at nginx.clojure.NginxHandlerFactory.fetchHandler(NginxHandlerFactory.java:46)
	at nginx.clojure.NginxClojureRT.registerCode(NginxClojureRT.java:866)
2017/09/10 02:16:59 [error] 5393#0: invalid clojure content_handler code : apps/myapp
2017/09/10 02:17:01 [alert] 5392#0: worker process 5393 exited with fatal code 2 and cannot be respawned
2017/09/10 02:19:04 [notice] 5404#0: signal process started
Exception in thread "main" java.io.FileNotFoundException: Could not locate apps__init.class or apps.clj on classpath.
	at clojure.lang.RT.load(RT.java:456)
	at clojure.lang.RT.load(RT.java:419)
	at clojure.core$load$fn__5677.invoke(core.clj:5893)
	at clojure.core$load.invokeStatic(core.clj:5892)
	at clojure.core$load.doInvoke(core.clj:5876)
	at clojure.lang.RestFn.invoke(RestFn.java:408)
	at clojure.core$load_one.invokeStatic(core.clj:5697)
	at clojure.core$load_one.invoke(core.clj:5692)
	at clojure.core$load_lib$fn__5626.invoke(core.clj:5737)
	at clojure.core$load_lib.invokeStatic(core.clj:5736)
	at clojure.core$load_lib.doInvoke(core.clj:5717)
	at clojure.lang.RestFn.applyTo(RestFn.java:142)
	at clojure.core$apply.invokeStatic(core.clj:648)
	at clojure.core$load_libs.invokeStatic(core.clj:5774)
	at clojure.core$load_libs.doInvoke(core.clj:5758)
	at clojure.lang.RestFn.applyTo(RestFn.java:137)
	at clojure.core$apply.invokeStatic(core.clj:648)
	at clojure.core$require.invokeStatic(core.clj:5796)
	at clojure.core$require.doInvoke(core.clj:5796)
	at clojure.lang.RestFn.invoke(RestFn.java:408)
	at clojure.core$eval1.invokeStatic(NO_SOURCE_FILE:0)
	at clojure.core$eval1.invoke(NO_SOURCE_FILE)
	at clojure.lang.Compiler.eval(Compiler.java:6927)
	at clojure.lang.Compiler.eval(Compiler.java:6916)
	at clojure.lang.Compiler.eval(Compiler.java:6890)
	at clojure.core$eval.invokeStatic(core.clj:3105)
	at clojure.core$eval.invoke(core.clj:3101)
	at clojure.lang.Var.invoke(Var.java:379)
	at nginx.clojure.clj.NginxClojureHandlerFactory.newInstance(NginxClojureHandlerFactory.java:45)
	at nginx.clojure.NginxHandlerFactory.fetchHandler(NginxHandlerFactory.java:46)
	at nginx.clojure.NginxClojureRT.registerCode(NginxClojureRT.java:866)
2017/09/10 02:19:04 [error] 5405#0: invalid clojure content_handler code : apps/myapp
2017/09/10 02:19:07 [alert] 5392#0: worker process 5405 exited with fatal code 2 and cannot be respawned
2017/09/10 02:48:46 [notice] 5508#0: signal process started
Exception in thread "main" java.io.FileNotFoundException: Could not locate apps__init.class or apps.clj on classpath.
	at clojure.lang.RT.load(RT.java:456)
	at clojure.lang.RT.load(RT.java:419)
	at clojure.core$load$fn__5677.invoke(core.clj:5893)
	at clojure.core$load.invokeStatic(core.clj:5892)
	at clojure.core$load.doInvoke(core.clj:5876)
	at clojure.lang.RestFn.invoke(RestFn.java:408)
	at clojure.core$load_one.invokeStatic(core.clj:5697)
	at clojure.core$load_one.invoke(core.clj:5692)
	at clojure.core$load_lib$fn__5626.invoke(core.clj:5737)
	at clojure.core$load_lib.invokeStatic(core.clj:5736)
	at clojure.core$load_lib.doInvoke(core.clj:5717)
	at clojure.lang.RestFn.applyTo(RestFn.java:142)
	at clojure.core$apply.invokeStatic(core.clj:648)
	at clojure.core$load_libs.invokeStatic(core.clj:5774)
	at clojure.core$load_libs.doInvoke(core.clj:5758)
	at clojure.lang.RestFn.applyTo(RestFn.java:137)
	at clojure.core$apply.invokeStatic(core.clj:648)
	at clojure.core$require.invokeStatic(core.clj:5796)
	at clojure.core$require.doInvoke(core.clj:5796)
	at clojure.lang.RestFn.invoke(RestFn.java:408)
	at clojure.core$eval5.invokeStatic(NO_SOURCE_FILE:0)
	at clojure.core$eval5.invoke(NO_SOURCE_FILE)
	at clojure.lang.Compiler.eval(Compiler.java:6927)
	at clojure.lang.Compiler.eval(Compiler.java:6916)
	at clojure.lang.Compiler.eval(Compiler.java:6890)
	at clojure.core$eval.invokeStatic(core.clj:3105)
	at clojure.core$eval.invoke(core.clj:3101)
	at clojure.lang.Var.invoke(Var.java:379)
	at nginx.clojure.clj.NginxClojureHandlerFactory.newInstance(NginxClojureHandlerFactory.java:45)
	at nginx.clojure.NginxHandlerFactory.fetchHandler(NginxHandlerFactory.java:46)
	at nginx.clojure.NginxClojureRT.registerCode(NginxClojureRT.java:866)
2017/09/10 02:48:46 [error] 5509#0: invalid clojure content_handler code : apps/hello-world
2017/09/10 02:48:47 [alert] 5392#0: worker process 5509 exited with fatal code 2 and cannot be respawned
2017/09/10 02:56:07 [notice] 5560#0: signal process started
2017/09/10 02:56:07 [error] 5560#0: open() "/home/koji/downloads/nginx-clojure-0.4.5/logs/nginx.pid" failed (2: No such file or directory)
Exception in thread "main" java.io.FileNotFoundException: Could not locate apps__init.class or apps.clj on classpath.
	at clojure.lang.RT.load(RT.java:456)
	at clojure.lang.RT.load(RT.java:419)
	at clojure.core$load$fn__5677.invoke(core.clj:5893)
	at clojure.core$load.invokeStatic(core.clj:5892)
	at clojure.core$load.doInvoke(core.clj:5876)
	at clojure.lang.RestFn.invoke(RestFn.java:408)
	at clojure.core$load_one.invokeStatic(core.clj:5697)
	at clojure.core$load_one.invoke(core.clj:5692)
	at clojure.core$load_lib$fn__5626.invoke(core.clj:5737)
	at clojure.core$load_lib.invokeStatic(core.clj:5736)
	at clojure.core$load_lib.doInvoke(core.clj:5717)
	at clojure.lang.RestFn.applyTo(RestFn.java:142)
	at clojure.core$apply.invokeStatic(core.clj:648)
	at clojure.core$load_libs.invokeStatic(core.clj:5774)
	at clojure.core$load_libs.doInvoke(core.clj:5758)
	at clojure.lang.RestFn.applyTo(RestFn.java:137)
	at clojure.core$apply.invokeStatic(core.clj:648)
	at clojure.core$require.invokeStatic(core.clj:5796)
	at clojure.core$require.doInvoke(core.clj:5796)
	at clojure.lang.RestFn.invoke(RestFn.java:408)
	at clojure.core$eval5.invokeStatic(NO_SOURCE_FILE:0)
	at clojure.core$eval5.invoke(NO_SOURCE_FILE)
	at clojure.lang.Compiler.eval(Compiler.java:6927)
	at clojure.lang.Compiler.eval(Compiler.java:6916)
	at clojure.lang.Compiler.eval(Compiler.java:6890)
	at clojure.core$eval.invokeStatic(core.clj:3105)
	at clojure.core$eval.invoke(core.clj:3101)
	at clojure.lang.Var.invoke(Var.java:379)
	at nginx.clojure.clj.NginxClojureHandlerFactory.newInstance(NginxClojureHandlerFactory.java:45)
	at nginx.clojure.NginxHandlerFactory.fetchHandler(NginxHandlerFactory.java:46)
	at nginx.clojure.NginxClojureRT.registerCode(NginxClojureRT.java:866)
2017/09/10 02:56:11 [error] 5563#0: invalid clojure content_handler code : apps/hello-world
2017/09/10 02:56:13 [alert] 5562#0: worker process 5563 exited with fatal code 2 and cannot be respawned
2017/09/10 02:57:52 [notice] 5581#0: signal process started
Exception in thread "main" java.io.FileNotFoundException: Could not locate apps/myapp__init.class or apps/myapp.clj on classpath.
	at clojure.lang.RT.load(RT.java:456)
	at clojure.lang.RT.load(RT.java:419)
	at clojure.core$load$fn__5677.invoke(core.clj:5893)
	at clojure.core$load.invokeStatic(core.clj:5892)
	at clojure.core$load.doInvoke(core.clj:5876)
	at clojure.lang.RestFn.invoke(RestFn.java:408)
	at clojure.core$load_one.invokeStatic(core.clj:5697)
	at clojure.core$load_one.invoke(core.clj:5692)
	at clojure.core$load_lib$fn__5626.invoke(core.clj:5737)
	at clojure.core$load_lib.invokeStatic(core.clj:5736)
	at clojure.core$load_lib.doInvoke(core.clj:5717)
	at clojure.lang.RestFn.applyTo(RestFn.java:142)
	at clojure.core$apply.invokeStatic(core.clj:648)
	at clojure.core$load_libs.invokeStatic(core.clj:5774)
	at clojure.core$load_libs.doInvoke(core.clj:5758)
	at clojure.lang.RestFn.applyTo(RestFn.java:137)
	at clojure.core$apply.invokeStatic(core.clj:648)
	at clojure.core$require.invokeStatic(core.clj:5796)
	at clojure.core$require.doInvoke(core.clj:5796)
	at clojure.lang.RestFn.invoke(RestFn.java:408)
	at clojure.core$eval5.invokeStatic(NO_SOURCE_FILE:0)
	at clojure.core$eval5.invoke(NO_SOURCE_FILE)
	at clojure.lang.Compiler.eval(Compiler.java:6927)
	at clojure.lang.Compiler.eval(Compiler.java:6916)
	at clojure.lang.Compiler.eval(Compiler.java:6890)
	at clojure.core$eval.invokeStatic(core.clj:3105)
	at clojure.core$eval.invoke(core.clj:3101)
	at clojure.lang.Var.invoke(Var.java:379)
	at nginx.clojure.clj.NginxClojureHandlerFactory.newInstance(NginxClojureHandlerFactory.java:45)
	at nginx.clojure.NginxHandlerFactory.fetchHandler(NginxHandlerFactory.java:46)
	at nginx.clojure.NginxClojureRT.registerCode(NginxClojureRT.java:866)
2017/09/10 02:57:52 [error] 5582#0: invalid clojure content_handler code : apps.myapp/hello-world
2017/09/10 02:57:54 [alert] 5562#0: worker process 5582 exited with fatal code 2 and cannot be respawned
Exception in thread "main" java.io.FileNotFoundException: Could not locate apps/myapp__init.class or apps/myapp.clj on classpath.
	at clojure.lang.RT.load(RT.java:456)
	at clojure.lang.RT.load(RT.java:419)
	at clojure.core$load$fn__5677.invoke(core.clj:5893)
	at clojure.core$load.invokeStatic(core.clj:5892)
	at clojure.core$load.doInvoke(core.clj:5876)
	at clojure.lang.RestFn.invoke(RestFn.java:408)
	at clojure.core$load_one.invokeStatic(core.clj:5697)
	at clojure.core$load_one.invoke(core.clj:5692)
	at clojure.core$load_lib$fn__5626.invoke(core.clj:5737)
	at clojure.core$load_lib.invokeStatic(core.clj:5736)
	at clojure.core$load_lib.doInvoke(core.clj:5717)
	at clojure.lang.RestFn.applyTo(RestFn.java:142)
	at clojure.core$apply.invokeStatic(core.clj:648)
	at clojure.core$load_libs.invokeStatic(core.clj:5774)
	at clojure.core$load_libs.doInvoke(core.clj:5758)
	at clojure.lang.RestFn.applyTo(RestFn.java:137)
	at clojure.core$apply.invokeStatic(core.clj:648)
	at clojure.core$require.invokeStatic(core.clj:5796)
	at clojure.core$require.doInvoke(core.clj:5796)
	at clojure.lang.RestFn.invoke(RestFn.java:408)
	at clojure.core$eval5.invokeStatic(NO_SOURCE_FILE:0)
	at clojure.core$eval5.invoke(NO_SOURCE_FILE)
	at clojure.lang.Compiler.eval(Compiler.java:6927)
	at clojure.lang.Compiler.eval(Compiler.java:6916)
	at clojure.lang.Compiler.eval(Compiler.java:6890)
	at clojure.core$eval.invokeStatic(core.clj:3105)
	at clojure.core$eval.invoke(core.clj:3101)
	at clojure.lang.Var.invoke(Var.java:379)
	at nginx.clojure.clj.NginxClojureHandlerFactory.newInstance(NginxClojureHandlerFactory.java:45)
	at nginx.clojure.NginxHandlerFactory.fetchHandler(NginxHandlerFactory.java:46)
	at nginx.clojure.NginxClojureRT.registerCode(NginxClojureRT.java:866)
2017/09/10 02:58:10 [error] 5598#0: invalid clojure content_handler code : apps.myapp/hello-world
2017/09/10 02:58:12 [alert] 5597#0: worker process 5598 exited with fatal code 2 and cannot be respawned
Exception in thread "main" java.io.FileNotFoundException: Could not locate apps/myapp__init.class or apps/myapp.clj on classpath.
	at clojure.lang.RT.load(RT.java:456)
	at clojure.lang.RT.load(RT.java:419)
	at clojure.core$load$fn__5677.invoke(core.clj:5893)
	at clojure.core$load.invokeStatic(core.clj:5892)
	at clojure.core$load.doInvoke(core.clj:5876)
	at clojure.lang.RestFn.invoke(RestFn.java:408)
	at clojure.core$load_one.invokeStatic(core.clj:5697)
	at clojure.core$load_one.invoke(core.clj:5692)
	at clojure.core$load_lib$fn__5626.invoke(core.clj:5737)
	at clojure.core$load_lib.invokeStatic(core.clj:5736)
	at clojure.core$load_lib.doInvoke(core.clj:5717)
	at clojure.lang.RestFn.applyTo(RestFn.java:142)
	at clojure.core$apply.invokeStatic(core.clj:648)
	at clojure.core$load_libs.invokeStatic(core.clj:5774)
	at clojure.core$load_libs.doInvoke(core.clj:5758)
	at clojure.lang.RestFn.applyTo(RestFn.java:137)
	at clojure.core$apply.invokeStatic(core.clj:648)
	at clojure.core$require.invokeStatic(core.clj:5796)
	at clojure.core$require.doInvoke(core.clj:5796)
	at clojure.lang.RestFn.invoke(RestFn.java:408)
	at clojure.core$eval5.invokeStatic(NO_SOURCE_FILE:0)
	at clojure.core$eval5.invoke(NO_SOURCE_FILE)
	at clojure.lang.Compiler.eval(Compiler.java:6927)
	at clojure.lang.Compiler.eval(Compiler.java:6916)
	at clojure.lang.Compiler.eval(Compiler.java:6890)
	at clojure.core$eval.invokeStatic(core.clj:3105)
	at clojure.core$eval.invoke(core.clj:3101)
	at clojure.lang.Var.invoke(Var.java:379)
	at nginx.clojure.clj.NginxClojureHandlerFactory.newInstance(NginxClojureHandlerFactory.java:45)
	at nginx.clojure.NginxHandlerFactory.fetchHandler(NginxHandlerFactory.java:46)
	at nginx.clojure.NginxClojureRT.registerCode(NginxClojureRT.java:866)
2017/09/10 21:41:27 [error] 9694#0: invalid clojure content_handler code : apps.myapp/hello-world
2017/09/10 21:41:30 [alert] 9693#0: worker process 9694 exited with fatal code 2 and cannot be respawned
2017/09/10 21:43:00 [notice] 9708#0: signal process started
Exception in thread "main" java.io.FileNotFoundException: Could not locate apps/myapp__init.class or apps/myapp.clj on classpath.
	at clojure.lang.RT.load(RT.java:456)
	at clojure.lang.RT.load(RT.java:419)
	at clojure.core$load$fn__5677.invoke(core.clj:5893)
	at clojure.core$load.invokeStatic(core.clj:5892)
	at clojure.core$load.doInvoke(core.clj:5876)
	at clojure.lang.RestFn.invoke(RestFn.java:408)
	at clojure.core$load_one.invokeStatic(core.clj:5697)
	at clojure.core$load_one.invoke(core.clj:5692)
	at clojure.core$load_lib$fn__5626.invoke(core.clj:5737)
	at clojure.core$load_lib.invokeStatic(core.clj:5736)
	at clojure.core$load_lib.doInvoke(core.clj:5717)
	at clojure.lang.RestFn.applyTo(RestFn.java:142)
	at clojure.core$apply.invokeStatic(core.clj:648)
	at clojure.core$load_libs.invokeStatic(core.clj:5774)
	at clojure.core$load_libs.doInvoke(core.clj:5758)
	at clojure.lang.RestFn.applyTo(RestFn.java:137)
	at clojure.core$apply.invokeStatic(core.clj:648)
	at clojure.core$require.invokeStatic(core.clj:5796)
	at clojure.core$require.doInvoke(core.clj:5796)
	at clojure.lang.RestFn.invoke(RestFn.java:408)
	at clojure.core$eval5.invokeStatic(NO_SOURCE_FILE:0)
	at clojure.core$eval5.invoke(NO_SOURCE_FILE)
	at clojure.lang.Compiler.eval(Compiler.java:6927)
	at clojure.lang.Compiler.eval(Compiler.java:6916)
	at clojure.lang.Compiler.eval(Compiler.java:6890)
	at clojure.core$eval.invokeStatic(core.clj:3105)
	at clojure.core$eval.invoke(core.clj:3101)
	at clojure.lang.Var.invoke(Var.java:379)
	at nginx.clojure.clj.NginxClojureHandlerFactory.newInstance(NginxClojureHandlerFactory.java:45)
	at nginx.clojure.NginxHandlerFactory.fetchHandler(NginxHandlerFactory.java:46)
	at nginx.clojure.NginxClojureRT.registerCode(NginxClojureRT.java:866)
2017/09/10 21:43:00 [error] 9709#0: invalid clojure content_handler code : apps.myapp/hello-world
2017/09/10 21:43:02 [alert] 9693#0: worker process 9709 exited with fatal code 2 and cannot be respawned
2017/09/10 21:46:02 [notice] 9734#0: signal process started
Exception in thread "main" java.io.FileNotFoundException: Could not locate apps__init.class or apps.clj on classpath.
	at clojure.lang.RT.load(RT.java:456)
	at clojure.lang.RT.load(RT.java:419)
	at clojure.core$load$fn__5677.invoke(core.clj:5893)
	at clojure.core$load.invokeStatic(core.clj:5892)
	at clojure.core$load.doInvoke(core.clj:5876)
	at clojure.lang.RestFn.invoke(RestFn.java:408)
	at clojure.core$load_one.invokeStatic(core.clj:5697)
	at clojure.core$load_one.invoke(core.clj:5692)
	at clojure.core$load_lib$fn__5626.invoke(core.clj:5737)
	at clojure.core$load_lib.invokeStatic(core.clj:5736)
	at clojure.core$load_lib.doInvoke(core.clj:5717)
	at clojure.lang.RestFn.applyTo(RestFn.java:142)
	at clojure.core$apply.invokeStatic(core.clj:648)
	at clojure.core$load_libs.invokeStatic(core.clj:5774)
	at clojure.core$load_libs.doInvoke(core.clj:5758)
	at clojure.lang.RestFn.applyTo(RestFn.java:137)
	at clojure.core$apply.invokeStatic(core.clj:648)
	at clojure.core$require.invokeStatic(core.clj:5796)
	at clojure.core$require.doInvoke(core.clj:5796)
	at clojure.lang.RestFn.invoke(RestFn.java:408)
	at clojure.core$eval5.invokeStatic(NO_SOURCE_FILE:0)
	at clojure.core$eval5.invoke(NO_SOURCE_FILE)
	at clojure.lang.Compiler.eval(Compiler.java:6927)
	at clojure.lang.Compiler.eval(Compiler.java:6916)
	at clojure.lang.Compiler.eval(Compiler.java:6890)
	at clojure.core$eval.invokeStatic(core.clj:3105)
	at clojure.core$eval.invoke(core.clj:3101)
	at clojure.lang.Var.invoke(Var.java:379)
	at nginx.clojure.clj.NginxClojureHandlerFactory.newInstance(NginxClojureHandlerFactory.java:45)
	at nginx.clojure.NginxHandlerFactory.fetchHandler(NginxHandlerFactory.java:46)
	at nginx.clojure.NginxClojureRT.registerCode(NginxClojureRT.java:866)
2017/09/10 21:46:02 [error] 9735#0: invalid clojure content_handler code : apps/myapp
2017/09/10 21:46:04 [alert] 9693#0: worker process 9735 exited with fatal code 2 and cannot be respawned
2017/09/10 22:09:38 [notice] 9804#0: signal process started
Exception in thread "main" java.io.FileNotFoundException: Could not locate compojure/core__init.class or compojure/core.clj on classpath., compiling:(apps.clj:1:1)
	at clojure.lang.Compiler.load(Compiler.java:7391)
	at clojure.lang.RT.loadResourceScript(RT.java:372)
	at clojure.lang.RT.loadResourceScript(RT.java:363)
	at clojure.lang.RT.load(RT.java:453)
	at clojure.lang.RT.load(RT.java:419)
	at clojure.core$load$fn__5677.invoke(core.clj:5893)
	at clojure.core$load.invokeStatic(core.clj:5892)
	at clojure.core$load.doInvoke(core.clj:5876)
	at clojure.lang.RestFn.invoke(RestFn.java:408)
	at clojure.core$load_one.invokeStatic(core.clj:5697)
	at clojure.core$load_one.invoke(core.clj:5692)
	at clojure.core$load_lib$fn__5626.invoke(core.clj:5737)
	at clojure.core$load_lib.invokeStatic(core.clj:5736)
	at clojure.core$load_lib.doInvoke(core.clj:5717)
	at clojure.lang.RestFn.applyTo(RestFn.java:142)
	at clojure.core$apply.invokeStatic(core.clj:648)
	at clojure.core$load_libs.invokeStatic(core.clj:5774)
	at clojure.core$load_libs.doInvoke(core.clj:5758)
	at clojure.lang.RestFn.applyTo(RestFn.java:137)
	at clojure.core$apply.invokeStatic(core.clj:648)
	at clojure.core$require.invokeStatic(core.clj:5796)
	at clojure.core$require.doInvoke(core.clj:5796)
	at clojure.lang.RestFn.invoke(RestFn.java:408)
	at clojure.core$eval5.invokeStatic(NO_SOURCE_FILE:0)
	at clojure.core$eval5.invoke(NO_SOURCE_FILE)
	at clojure.lang.Compiler.eval(Compiler.java:6927)
	at clojure.lang.Compiler.eval(Compiler.java:6916)
	at clojure.lang.Compiler.eval(Compiler.java:6890)
	at clojure.core$eval.invokeStatic(core.clj:3105)
	at clojure.core$eval.invoke(core.clj:3101)
	at clojure.lang.Var.invoke(Var.java:379)
	at nginx.clojure.clj.NginxClojureHandlerFactory.newInstance(NginxClojureHandlerFactory.java:45)
	at nginx.clojure.NginxHandlerFactory.fetchHandler(NginxHandlerFactory.java:46)
	at nginx.clojure.NginxClojureRT.registerCode(NginxClojureRT.java:866)
Caused by: java.io.FileNotFoundException: Could not locate compojure/core__init.class or compojure/core.clj on classpath.
	at clojure.lang.RT.load(RT.java:456)
	at clojure.lang.RT.load(RT.java:419)
	at clojure.core$load$fn__5677.invoke(core.clj:5893)
	at clojure.core$load.invokeStatic(core.clj:5892)
	at clojure.core$load.doInvoke(core.clj:5876)
	at clojure.lang.RestFn.invoke(RestFn.java:408)
	at clojure.core$load_one.invokeStatic(core.clj:5697)
	at clojure.core$load_one.invoke(core.clj:5692)
	at clojure.core$load_lib$fn__5626.invoke(core.clj:5737)
	at clojure.core$load_lib.invokeStatic(core.clj:5736)
	at clojure.core$load_lib.doInvoke(core.clj:5717)
	at clojure.lang.RestFn.applyTo(RestFn.java:142)
	at clojure.core$apply.invokeStatic(core.clj:648)
	at clojure.core$load_libs.invokeStatic(core.clj:5774)
	at clojure.core$load_libs.doInvoke(core.clj:5758)
	at clojure.lang.RestFn.applyTo(RestFn.java:137)
	at clojure.core$apply.invokeStatic(core.clj:648)
	at clojure.core$require.invokeStatic(core.clj:5796)
	at clojure.core$require.doInvoke(core.clj:5796)
	at clojure.lang.RestFn.invoke(RestFn.java:421)
	at apps$eval9$loading__5569__auto____10.invoke(apps.clj:1)
	at apps$eval9.invokeStatic(apps.clj:1)
	at apps$eval9.invoke(apps.clj:1)
	at clojure.lang.Compiler.eval(Compiler.java:6927)
	at clojure.lang.Compiler.eval(Compiler.java:6916)
	at clojure.lang.Compiler.load(Compiler.java:7379)
	... 33 more
2017/09/10 22:09:38 [error] 9805#0: invalid clojure content_handler code : apps/myapp
2017/09/10 22:09:40 [alert] 9693#0: worker process 9805 exited with fatal code 2 and cannot be respawned
2017/09/10 22:10:55 [notice] 9835#0: signal process started
Exception in thread "main" java.io.FileNotFoundException: Could not locate compojure/core__init.class or compojure/core.clj on classpath., compiling:(apps.clj:1:1)
	at clojure.lang.Compiler.load(Compiler.java:7391)
	at clojure.lang.RT.loadResourceScript(RT.java:372)
	at clojure.lang.RT.loadResourceScript(RT.java:363)
	at clojure.lang.RT.load(RT.java:453)
	at clojure.lang.RT.load(RT.java:419)
	at clojure.core$load$fn__5677.invoke(core.clj:5893)
	at clojure.core$load.invokeStatic(core.clj:5892)
	at clojure.core$load.doInvoke(core.clj:5876)
	at clojure.lang.RestFn.invoke(RestFn.java:408)
	at clojure.core$load_one.invokeStatic(core.clj:5697)
	at clojure.core$load_one.invoke(core.clj:5692)
	at clojure.core$load_lib$fn__5626.invoke(core.clj:5737)
	at clojure.core$load_lib.invokeStatic(core.clj:5736)
	at clojure.core$load_lib.doInvoke(core.clj:5717)
	at clojure.lang.RestFn.applyTo(RestFn.java:142)
	at clojure.core$apply.invokeStatic(core.clj:648)
	at clojure.core$load_libs.invokeStatic(core.clj:5774)
	at clojure.core$load_libs.doInvoke(core.clj:5758)
	at clojure.lang.RestFn.applyTo(RestFn.java:137)
	at clojure.core$apply.invokeStatic(core.clj:648)
	at clojure.core$require.invokeStatic(core.clj:5796)
	at clojure.core$require.doInvoke(core.clj:5796)
	at clojure.lang.RestFn.invoke(RestFn.java:408)
	at clojure.core$eval5.invokeStatic(NO_SOURCE_FILE:0)
	at clojure.core$eval5.invoke(NO_SOURCE_FILE)
	at clojure.lang.Compiler.eval(Compiler.java:6927)
	at clojure.lang.Compiler.eval(Compiler.java:6916)
	at clojure.lang.Compiler.eval(Compiler.java:6890)
	at clojure.core$eval.invokeStatic(core.clj:3105)
	at clojure.core$eval.invoke(core.clj:3101)
	at clojure.lang.Var.invoke(Var.java:379)
	at nginx.clojure.clj.NginxClojureHandlerFactory.newInstance(NginxClojureHandlerFactory.java:45)
	at nginx.clojure.NginxHandlerFactory.fetchHandler(NginxHandlerFactory.java:46)
	at nginx.clojure.NginxClojureRT.registerCode(NginxClojureRT.java:866)
Caused by: java.io.FileNotFoundException: Could not locate compojure/core__init.class or compojure/core.clj on classpath.
	at clojure.lang.RT.load(RT.java:456)
	at clojure.lang.RT.load(RT.java:419)
	at clojure.core$load$fn__5677.invoke(core.clj:5893)
	at clojure.core$load.invokeStatic(core.clj:5892)
	at clojure.core$load.doInvoke(core.clj:5876)
	at clojure.lang.RestFn.invoke(RestFn.java:408)
	at clojure.core$load_one.invokeStatic(core.clj:5697)
	at clojure.core$load_one.invoke(core.clj:5692)
	at clojure.core$load_lib$fn__5626.invoke(core.clj:5737)
	at clojure.core$load_lib.invokeStatic(core.clj:5736)
	at clojure.core$load_lib.doInvoke(core.clj:5717)
	at clojure.lang.RestFn.applyTo(RestFn.java:142)
	at clojure.core$apply.invokeStatic(core.clj:648)
	at clojure.core$load_libs.invokeStatic(core.clj:5774)
	at clojure.core$load_libs.doInvoke(core.clj:5758)
	at clojure.lang.RestFn.applyTo(RestFn.java:137)
	at clojure.core$apply.invokeStatic(core.clj:648)
	at clojure.core$require.invokeStatic(core.clj:5796)
	at clojure.core$require.doInvoke(core.clj:5796)
	at clojure.lang.RestFn.invoke(RestFn.java:421)
	at apps$eval9$loading__5569__auto____10.invoke(apps.clj:1)
	at apps$eval9.invokeStatic(apps.clj:1)
	at apps$eval9.invoke(apps.clj:1)
	at clojure.lang.Compiler.eval(Compiler.java:6927)
	at clojure.lang.Compiler.eval(Compiler.java:6916)
	at clojure.lang.Compiler.load(Compiler.java:7379)
	... 33 more
2017/09/10 22:10:55 [error] 9836#0: invalid clojure content_handler code : apps/myapp
2017/09/10 22:10:57 [alert] 9693#0: worker process 9836 exited with fatal code 2 and cannot be respawned
2017/09/10 22:11:40 [notice] 9848#0: signal process started
Exception in thread "main" java.io.FileNotFoundException: Could not locate compojure/core__init.class or compojure/core.clj on classpath., compiling:(apps.clj:1:1)
	at clojure.lang.Compiler.load(Compiler.java:7391)
	at clojure.lang.RT.loadResourceScript(RT.java:372)
	at clojure.lang.RT.loadResourceScript(RT.java:363)
	at clojure.lang.RT.load(RT.java:453)
	at clojure.lang.RT.load(RT.java:419)
	at clojure.core$load$fn__5677.invoke(core.clj:5893)
	at clojure.core$load.invokeStatic(core.clj:5892)
	at clojure.core$load.doInvoke(core.clj:5876)
	at clojure.lang.RestFn.invoke(RestFn.java:408)
	at clojure.core$load_one.invokeStatic(core.clj:5697)
	at clojure.core$load_one.invoke(core.clj:5692)
	at clojure.core$load_lib$fn__5626.invoke(core.clj:5737)
	at clojure.core$load_lib.invokeStatic(core.clj:5736)
	at clojure.core$load_lib.doInvoke(core.clj:5717)
	at clojure.lang.RestFn.applyTo(RestFn.java:142)
	at clojure.core$apply.invokeStatic(core.clj:648)
	at clojure.core$load_libs.invokeStatic(core.clj:5774)
	at clojure.core$load_libs.doInvoke(core.clj:5758)
	at clojure.lang.RestFn.applyTo(RestFn.java:137)
	at clojure.core$apply.invokeStatic(core.clj:648)
	at clojure.core$require.invokeStatic(core.clj:5796)
	at clojure.core$require.doInvoke(core.clj:5796)
	at clojure.lang.RestFn.invoke(RestFn.java:408)
	at clojure.core$eval5.invokeStatic(NO_SOURCE_FILE:0)
	at clojure.core$eval5.invoke(NO_SOURCE_FILE)
	at clojure.lang.Compiler.eval(Compiler.java:6927)
	at clojure.lang.Compiler.eval(Compiler.java:6916)
	at clojure.lang.Compiler.eval(Compiler.java:6890)
	at clojure.core$eval.invokeStatic(core.clj:3105)
	at clojure.core$eval.invoke(core.clj:3101)
	at clojure.lang.Var.invoke(Var.java:379)
	at nginx.clojure.clj.NginxClojureHandlerFactory.newInstance(NginxClojureHandlerFactory.java:45)
	at nginx.clojure.NginxHandlerFactory.fetchHandler(NginxHandlerFactory.java:46)
	at nginx.clojure.NginxClojureRT.registerCode(NginxClojureRT.java:866)
Caused by: java.io.FileNotFoundException: Could not locate compojure/core__init.class or compojure/core.clj on classpath.
	at clojure.lang.RT.load(RT.java:456)
	at clojure.lang.RT.load(RT.java:419)
	at clojure.core$load$fn__5677.invoke(core.clj:5893)
	at clojure.core$load.invokeStatic(core.clj:5892)
	at clojure.core$load.doInvoke(core.clj:5876)
	at clojure.lang.RestFn.invoke(RestFn.java:408)
	at clojure.core$load_one.invokeStatic(core.clj:5697)
	at clojure.core$load_one.invoke(core.clj:5692)
	at clojure.core$load_lib$fn__5626.invoke(core.clj:5737)
	at clojure.core$load_lib.invokeStatic(core.clj:5736)
	at clojure.core$load_lib.doInvoke(core.clj:5717)
	at clojure.lang.RestFn.applyTo(RestFn.java:142)
	at clojure.core$apply.invokeStatic(core.clj:648)
	at clojure.core$load_libs.invokeStatic(core.clj:5774)
	at clojure.core$load_libs.doInvoke(core.clj:5758)
	at clojure.lang.RestFn.applyTo(RestFn.java:137)
	at clojure.core$apply.invokeStatic(core.clj:648)
	at clojure.core$require.invokeStatic(core.clj:5796)
	at clojure.core$require.doInvoke(core.clj:5796)
	at clojure.lang.RestFn.invoke(RestFn.java:421)
	at apps$eval9$loading__5569__auto____10.invoke(apps.clj:1)
	at apps$eval9.invokeStatic(apps.clj:1)
	at apps$eval9.invoke(apps.clj:1)
	at clojure.lang.Compiler.eval(Compiler.java:6927)
	at clojure.lang.Compiler.eval(Compiler.java:6916)
	at clojure.lang.Compiler.load(Compiler.java:7379)
	... 33 more
2017/09/10 22:11:40 [error] 9849#0: invalid clojure content_handler code : apps/myapp
2017/09/10 22:11:42 [alert] 9693#0: worker process 9849 exited with fatal code 2 and cannot be respawned
2017/09/10 22:12:05 [notice] 9861#0: signal process started
Exception in thread "main" java.io.FileNotFoundException: Could not locate compojure/core__init.class or compojure/core.clj on classpath., compiling:(apps.clj:1:1)
	at clojure.lang.Compiler.load(Compiler.java:7391)
	at clojure.lang.RT.loadResourceScript(RT.java:372)
	at clojure.lang.RT.loadResourceScript(RT.java:363)
	at clojure.lang.RT.load(RT.java:453)
	at clojure.lang.RT.load(RT.java:419)
	at clojure.core$load$fn__5677.invoke(core.clj:5893)
	at clojure.core$load.invokeStatic(core.clj:5892)
	at clojure.core$load.doInvoke(core.clj:5876)
	at clojure.lang.RestFn.invoke(RestFn.java:408)
	at clojure.core$load_one.invokeStatic(core.clj:5697)
	at clojure.core$load_one.invoke(core.clj:5692)
	at clojure.core$load_lib$fn__5626.invoke(core.clj:5737)
	at clojure.core$load_lib.invokeStatic(core.clj:5736)
	at clojure.core$load_lib.doInvoke(core.clj:5717)
	at clojure.lang.RestFn.applyTo(RestFn.java:142)
	at clojure.core$apply.invokeStatic(core.clj:648)
	at clojure.core$load_libs.invokeStatic(core.clj:5774)
	at clojure.core$load_libs.doInvoke(core.clj:5758)
	at clojure.lang.RestFn.applyTo(RestFn.java:137)
	at clojure.core$apply.invokeStatic(core.clj:648)
	at clojure.core$require.invokeStatic(core.clj:5796)
	at clojure.core$require.doInvoke(core.clj:5796)
	at clojure.lang.RestFn.invoke(RestFn.java:408)
	at clojure.core$eval5.invokeStatic(NO_SOURCE_FILE:0)
	at clojure.core$eval5.invoke(NO_SOURCE_FILE)
	at clojure.lang.Compiler.eval(Compiler.java:6927)
	at clojure.lang.Compiler.eval(Compiler.java:6916)
	at clojure.lang.Compiler.eval(Compiler.java:6890)
	at clojure.core$eval.invokeStatic(core.clj:3105)
	at clojure.core$eval.invoke(core.clj:3101)
	at clojure.lang.Var.invoke(Var.java:379)
	at nginx.clojure.clj.NginxClojureHandlerFactory.newInstance(NginxClojureHandlerFactory.java:45)
	at nginx.clojure.NginxHandlerFactory.fetchHandler(NginxHandlerFactory.java:46)
	at nginx.clojure.NginxClojureRT.registerCode(NginxClojureRT.java:866)
Caused by: java.io.FileNotFoundException: Could not locate compojure/core__init.class or compojure/core.clj on classpath.
	at clojure.lang.RT.load(RT.java:456)
	at clojure.lang.RT.load(RT.java:419)
	at clojure.core$load$fn__5677.invoke(core.clj:5893)
	at clojure.core$load.invokeStatic(core.clj:5892)
	at clojure.core$load.doInvoke(core.clj:5876)
	at clojure.lang.RestFn.invoke(RestFn.java:408)
	at clojure.core$load_one.invokeStatic(core.clj:5697)
	at clojure.core$load_one.invoke(core.clj:5692)
	at clojure.core$load_lib$fn__5626.invoke(core.clj:5737)
	at clojure.core$load_lib.invokeStatic(core.clj:5736)
	at clojure.core$load_lib.doInvoke(core.clj:5717)
	at clojure.lang.RestFn.applyTo(RestFn.java:142)
	at clojure.core$apply.invokeStatic(core.clj:648)
	at clojure.core$load_libs.invokeStatic(core.clj:5774)
	at clojure.core$load_libs.doInvoke(core.clj:5758)
	at clojure.lang.RestFn.applyTo(RestFn.java:137)
	at clojure.core$apply.invokeStatic(core.clj:648)
	at clojure.core$require.invokeStatic(core.clj:5796)
	at clojure.core$require.doInvoke(core.clj:5796)
	at clojure.lang.RestFn.invoke(RestFn.java:421)
	at apps$eval9$loading__5569__auto____10.invoke(apps.clj:1)
	at apps$eval9.invokeStatic(apps.clj:1)
	at apps$eval9.invoke(apps.clj:1)
	at clojure.lang.Compiler.eval(Compiler.java:6927)
	at clojure.lang.Compiler.eval(Compiler.java:6916)
	at clojure.lang.Compiler.load(Compiler.java:7379)
	... 33 more
2017/09/10 22:12:05 [error] 9862#0: invalid clojure content_handler code : apps/myapp
2017/09/10 22:12:07 [alert] 9693#0: worker process 9862 exited with fatal code 2 and cannot be respawned
2017/09/10 22:13:04 [notice] 9876#0: signal process started
Exception in thread "main" java.lang.RuntimeException: No such var: apps/myapp, compiling:(NO_SOURCE_PATH:0:0)
	at clojure.lang.Compiler.analyze(Compiler.java:6688)
	at clojure.lang.Compiler.analyze(Compiler.java:6625)
	at clojure.lang.Compiler.eval(Compiler.java:6931)
	at clojure.lang.Compiler.eval(Compiler.java:6917)
	at clojure.lang.Compiler.eval(Compiler.java:6890)
	at clojure.core$eval.invokeStatic(core.clj:3105)
	at clojure.core$eval.invoke(core.clj:3101)
	at clojure.lang.Var.invoke(Var.java:379)
	at nginx.clojure.clj.NginxClojureHandlerFactory.newInstance(NginxClojureHandlerFactory.java:45)
	at nginx.clojure.NginxHandlerFactory.fetchHandler(NginxHandlerFactory.java:46)
	at nginx.clojure.NginxClojureRT.registerCode(NginxClojureRT.java:866)
Caused by: java.lang.RuntimeException: No such var: apps/myapp
	at clojure.lang.Util.runtimeException(Util.java:221)
	at clojure.lang.Compiler.resolveIn(Compiler.java:7138)
	at clojure.lang.Compiler.resolve(Compiler.java:7108)
	at clojure.lang.Compiler.analyzeSymbol(Compiler.java:7069)
	at clojure.lang.Compiler.analyze(Compiler.java:6648)
	... 10 more
2017/09/10 22:13:04 [error] 9877#0: invalid clojure content_handler code : apps/myapp
2017/09/10 22:13:06 [alert] 9693#0: worker process 9877 exited with fatal code 2 and cannot be respawned
2017/09/10 22:14:03 [notice] 9890#0: signal process started
Exception in thread "main" java.lang.RuntimeException: No such var: apps/myapp, compiling:(NO_SOURCE_PATH:0:0)
	at clojure.lang.Compiler.analyze(Compiler.java:6688)
	at clojure.lang.Compiler.analyze(Compiler.java:6625)
	at clojure.lang.Compiler.eval(Compiler.java:6931)
	at clojure.lang.Compiler.eval(Compiler.java:6917)
	at clojure.lang.Compiler.eval(Compiler.java:6890)
	at clojure.core$eval.invokeStatic(core.clj:3105)
	at clojure.core$eval.invoke(core.clj:3101)
	at clojure.lang.Var.invoke(Var.java:379)
	at nginx.clojure.clj.NginxClojureHandlerFactory.newInstance(NginxClojureHandlerFactory.java:45)
	at nginx.clojure.NginxHandlerFactory.fetchHandler(NginxHandlerFactory.java:46)
	at nginx.clojure.NginxClojureRT.registerCode(NginxClojureRT.java:866)
Caused by: java.lang.RuntimeException: No such var: apps/myapp
	at clojure.lang.Util.runtimeException(Util.java:221)
	at clojure.lang.Compiler.resolveIn(Compiler.java:7138)
	at clojure.lang.Compiler.resolve(Compiler.java:7108)
	at clojure.lang.Compiler.analyzeSymbol(Compiler.java:7069)
	at clojure.lang.Compiler.analyze(Compiler.java:6648)
	... 10 more
2017/09/10 22:14:03 [error] 9891#0: invalid clojure content_handler code : apps/myapp
2017/09/10 22:14:05 [alert] 9693#0: worker process 9891 exited with fatal code 2 and cannot be respawned
2017/09/10 22:14:55 [notice] 9903#0: signal process started
Exception in thread "main" java.lang.RuntimeException: No such var: apps/myapp, compiling:(NO_SOURCE_PATH:0:0)
	at clojure.lang.Compiler.analyze(Compiler.java:6688)
	at clojure.lang.Compiler.analyze(Compiler.java:6625)
	at clojure.lang.Compiler.eval(Compiler.java:6931)
	at clojure.lang.Compiler.eval(Compiler.java:6917)
	at clojure.lang.Compiler.eval(Compiler.java:6890)
	at clojure.core$eval.invokeStatic(core.clj:3105)
	at clojure.core$eval.invoke(core.clj:3101)
	at clojure.lang.Var.invoke(Var.java:379)
	at nginx.clojure.clj.NginxClojureHandlerFactory.newInstance(NginxClojureHandlerFactory.java:45)
	at nginx.clojure.NginxHandlerFactory.fetchHandler(NginxHandlerFactory.java:46)
	at nginx.clojure.NginxClojureRT.registerCode(NginxClojureRT.java:866)
Caused by: java.lang.RuntimeException: No such var: apps/myapp
	at clojure.lang.Util.runtimeException(Util.java:221)
	at clojure.lang.Compiler.resolveIn(Compiler.java:7138)
	at clojure.lang.Compiler.resolve(Compiler.java:7108)
	at clojure.lang.Compiler.analyzeSymbol(Compiler.java:7069)
	at clojure.lang.Compiler.analyze(Compiler.java:6648)
	... 10 more
2017/09/10 22:14:55 [error] 9904#0: invalid clojure content_handler code : apps/myapp
2017/09/10 22:14:57 [alert] 9693#0: worker process 9904 exited with fatal code 2 and cannot be respawned
2017/09/10 22:15:27 [notice] 9928#0: signal process started
Exception in thread "main" java.io.FileNotFoundException: Could not locate apps__init.class or apps.clj on classpath.
	at clojure.lang.RT.load(RT.java:456)
	at clojure.lang.RT.load(RT.java:419)
	at clojure.core$load$fn__5677.invoke(core.clj:5893)
	at clojure.core$load.invokeStatic(core.clj:5892)
	at clojure.core$load.doInvoke(core.clj:5876)
	at clojure.lang.RestFn.invoke(RestFn.java:408)
	at clojure.core$load_one.invokeStatic(core.clj:5697)
	at clojure.core$load_one.invoke(core.clj:5692)
	at clojure.core$load_lib$fn__5626.invoke(core.clj:5737)
	at clojure.core$load_lib.invokeStatic(core.clj:5736)
	at clojure.core$load_lib.doInvoke(core.clj:5717)
	at clojure.lang.RestFn.applyTo(RestFn.java:142)
	at clojure.core$apply.invokeStatic(core.clj:648)
	at clojure.core$load_libs.invokeStatic(core.clj:5774)
	at clojure.core$load_libs.doInvoke(core.clj:5758)
	at clojure.lang.RestFn.applyTo(RestFn.java:137)
	at clojure.core$apply.invokeStatic(core.clj:648)
	at clojure.core$require.invokeStatic(core.clj:5796)
	at clojure.core$require.doInvoke(core.clj:5796)
	at clojure.lang.RestFn.invoke(RestFn.java:408)
	at clojure.core$eval5.invokeStatic(NO_SOURCE_FILE:0)
	at clojure.core$eval5.invoke(NO_SOURCE_FILE)
	at clojure.lang.Compiler.eval(Compiler.java:6927)
	at clojure.lang.Compiler.eval(Compiler.java:6916)
	at clojure.lang.Compiler.eval(Compiler.java:6890)
	at clojure.core$eval.invokeStatic(core.clj:3105)
	at clojure.core$eval.invoke(core.clj:3101)
	at clojure.lang.Var.invoke(Var.java:379)
	at nginx.clojure.clj.NginxClojureHandlerFactory.newInstance(NginxClojureHandlerFactory.java:45)
	at nginx.clojure.NginxHandlerFactory.fetchHandler(NginxHandlerFactory.java:46)
	at nginx.clojure.NginxClojureRT.registerCode(NginxClojureRT.java:866)
2017/09/10 22:15:27 [error] 9929#0: invalid clojure content_handler code : apps/myapp
2017/09/10 22:15:29 [alert] 9693#0: worker process 9929 exited with fatal code 2 and cannot be respawned
2017/09/10 22:16:44 [notice] 9942#0: signal process started
2017/09/10 22:16:59 [notice] 9955#0: signal process started
Exception in thread "main" java.io.FileNotFoundException: Could not locate apps/myapp__init.class or apps/myapp.clj on classpath.
	at clojure.lang.RT.load(RT.java:456)
	at clojure.lang.RT.load(RT.java:419)
	at clojure.core$load$fn__5677.invoke(core.clj:5893)
	at clojure.core$load.invokeStatic(core.clj:5892)
	at clojure.core$load.doInvoke(core.clj:5876)
	at clojure.lang.RestFn.invoke(RestFn.java:408)
	at clojure.core$load_one.invokeStatic(core.clj:5697)
	at clojure.core$load_one.invoke(core.clj:5692)
	at clojure.core$load_lib$fn__5626.invoke(core.clj:5737)
	at clojure.core$load_lib.invokeStatic(core.clj:5736)
	at clojure.core$load_lib.doInvoke(core.clj:5717)
	at clojure.lang.RestFn.applyTo(RestFn.java:142)
	at clojure.core$apply.invokeStatic(core.clj:648)
	at clojure.core$load_libs.invokeStatic(core.clj:5774)
	at clojure.core$load_libs.doInvoke(core.clj:5758)
	at clojure.lang.RestFn.applyTo(RestFn.java:137)
	at clojure.core$apply.invokeStatic(core.clj:648)
	at clojure.core$require.invokeStatic(core.clj:5796)
	at clojure.core$require.doInvoke(core.clj:5796)
	at clojure.lang.RestFn.invoke(RestFn.java:408)
	at clojure.core$eval5.invokeStatic(NO_SOURCE_FILE:0)
	at clojure.core$eval5.invoke(NO_SOURCE_FILE)
	at clojure.lang.Compiler.eval(Compiler.java:6927)
	at clojure.lang.Compiler.eval(Compiler.java:6916)
	at clojure.lang.Compiler.eval(Compiler.java:6890)
	at clojure.core$eval.invokeStatic(core.clj:3105)
	at clojure.core$eval.invoke(core.clj:3101)
	at clojure.lang.Var.invoke(Var.java:379)
	at nginx.clojure.clj.NginxClojureHandlerFactory.newInstance(NginxClojureHandlerFactory.java:45)
	at nginx.clojure.NginxHandlerFactory.fetchHandler(NginxHandlerFactory.java:46)
	at nginx.clojure.NginxClojureRT.registerCode(NginxClojureRT.java:866)
2017/09/10 22:16:59 [error] 9956#0: invalid clojure content_handler code : apps.myapp/hello-world
2017/09/10 22:17:01 [alert] 9693#0: worker process 9956 exited with fatal code 2 and cannot be respawned
2017/09/10 22:17:13 [notice] 9968#0: signal process started
Exception in thread "main" java.io.FileNotFoundException: Could not locate apps/myapp__init.class or apps/myapp.clj on classpath.
	at clojure.lang.RT.load(RT.java:456)
	at clojure.lang.RT.load(RT.java:419)
	at clojure.core$load$fn__5677.invoke(core.clj:5893)
	at clojure.core$load.invokeStatic(core.clj:5892)
	at clojure.core$load.doInvoke(core.clj:5876)
	at clojure.lang.RestFn.invoke(RestFn.java:408)
	at clojure.core$load_one.invokeStatic(core.clj:5697)
	at clojure.core$load_one.invoke(core.clj:5692)
	at clojure.core$load_lib$fn__5626.invoke(core.clj:5737)
	at clojure.core$load_lib.invokeStatic(core.clj:5736)
	at clojure.core$load_lib.doInvoke(core.clj:5717)
	at clojure.lang.RestFn.applyTo(RestFn.java:142)
	at clojure.core$apply.invokeStatic(core.clj:648)
	at clojure.core$load_libs.invokeStatic(core.clj:5774)
	at clojure.core$load_libs.doInvoke(core.clj:5758)
	at clojure.lang.RestFn.applyTo(RestFn.java:137)
	at clojure.core$apply.invokeStatic(core.clj:648)
	at clojure.core$require.invokeStatic(core.clj:5796)
	at clojure.core$require.doInvoke(core.clj:5796)
	at clojure.lang.RestFn.invoke(RestFn.java:408)
	at clojure.core$eval5.invokeStatic(NO_SOURCE_FILE:0)
	at clojure.core$eval5.invoke(NO_SOURCE_FILE)
	at clojure.lang.Compiler.eval(Compiler.java:6927)
	at clojure.lang.Compiler.eval(Compiler.java:6916)
	at clojure.lang.Compiler.eval(Compiler.java:6890)
	at clojure.core$eval.invokeStatic(core.clj:3105)
	at clojure.core$eval.invoke(core.clj:3101)
	at clojure.lang.Var.invoke(Var.java:379)
	at nginx.clojure.clj.NginxClojureHandlerFactory.newInstance(NginxClojureHandlerFactory.java:45)
	at nginx.clojure.NginxHandlerFactory.fetchHandler(NginxHandlerFactory.java:46)
	at nginx.clojure.NginxClojureRT.registerCode(NginxClojureRT.java:866)
2017/09/10 22:17:13 [error] 9969#0: invalid clojure content_handler code : apps.myapp/hello-world
2017/09/10 22:17:15 [alert] 9693#0: worker process 9969 exited with fatal code 2 and cannot be respawned
2017/09/10 22:17:41 [notice] 9981#0: signal process started
Exception in thread "main" java.io.FileNotFoundException: Could not locate apps/myapp__init.class or apps/myapp.clj on classpath.
	at clojure.lang.RT.load(RT.java:456)
	at clojure.lang.RT.load(RT.java:419)
	at clojure.core$load$fn__5677.invoke(core.clj:5893)
	at clojure.core$load.invokeStatic(core.clj:5892)
	at clojure.core$load.doInvoke(core.clj:5876)
	at clojure.lang.RestFn.invoke(RestFn.java:408)
	at clojure.core$load_one.invokeStatic(core.clj:5697)
	at clojure.core$load_one.invoke(core.clj:5692)
	at clojure.core$load_lib$fn__5626.invoke(core.clj:5737)
	at clojure.core$load_lib.invokeStatic(core.clj:5736)
	at clojure.core$load_lib.doInvoke(core.clj:5717)
	at clojure.lang.RestFn.applyTo(RestFn.java:142)
	at clojure.core$apply.invokeStatic(core.clj:648)
	at clojure.core$load_libs.invokeStatic(core.clj:5774)
	at clojure.core$load_libs.doInvoke(core.clj:5758)
	at clojure.lang.RestFn.applyTo(RestFn.java:137)
	at clojure.core$apply.invokeStatic(core.clj:648)
	at clojure.core$require.invokeStatic(core.clj:5796)
	at clojure.core$require.doInvoke(core.clj:5796)
	at clojure.lang.RestFn.invoke(RestFn.java:408)
	at clojure.core$eval5.invokeStatic(NO_SOURCE_FILE:0)
	at clojure.core$eval5.invoke(NO_SOURCE_FILE)
	at clojure.lang.Compiler.eval(Compiler.java:6927)
	at clojure.lang.Compiler.eval(Compiler.java:6916)
	at clojure.lang.Compiler.eval(Compiler.java:6890)
	at clojure.core$eval.invokeStatic(core.clj:3105)
	at clojure.core$eval.invoke(core.clj:3101)
	at clojure.lang.Var.invoke(Var.java:379)
	at nginx.clojure.clj.NginxClojureHandlerFactory.newInstance(NginxClojureHandlerFactory.java:45)
	at nginx.clojure.NginxHandlerFactory.fetchHandler(NginxHandlerFactory.java:46)
	at nginx.clojure.NginxClojureRT.registerCode(NginxClojureRT.java:866)
2017/09/10 22:17:41 [error] 9982#0: invalid clojure content_handler code : apps.myapp/hello-world
2017/09/10 22:17:43 [alert] 9693#0: worker process 9982 exited with fatal code 2 and cannot be respawned
2017/09/10 22:18:49 [notice] 9991#0: signal process started
2017/09/10 22:22:38 [notice] 10020#0: signal process started
2017/09/10 22:23:25 [error] 10021#0: *1 open() "/home/koji/downloads/nginx-clojure-0.4.5/html/favicon.ico" failed (2: No such file or directory), client: 125.30.9.21, server: localhost, request: "GET /favicon.ico HTTP/1.1", host: "www2348ue.sakura.ne.jp:8088"
2017/09/10 22:23:25 [error] 10021#0: *1 open() "/home/koji/downloads/nginx-clojure-0.4.5/html/favicon.ico" failed (2: No such file or directory), client: 125.30.9.21, server: localhost, request: "GET /favicon.ico HTTP/1.1", host: "www2348ue.sakura.ne.jp:8088"
2017/09/10 22:25:41 [notice] 10046#0: signal process started
2017/09/10 22:25:56 [notice] 10059#0: signal process started
2017/09/10 22:27:02 [notice] 10085#0: signal process started
Exception in thread "main" java.lang.RuntimeException: No such namespace: myapp, compiling:(NO_SOURCE_PATH:0:0)
	at clojure.lang.Compiler.analyze(Compiler.java:6688)
	at clojure.lang.Compiler.analyze(Compiler.java:6625)
	at clojure.lang.Compiler.eval(Compiler.java:6931)
	at clojure.lang.Compiler.eval(Compiler.java:6917)
	at clojure.lang.Compiler.eval(Compiler.java:6890)
	at clojure.core$eval.invokeStatic(core.clj:3105)
	at clojure.core$eval.invoke(core.clj:3101)
	at clojure.lang.Var.invoke(Var.java:379)
	at nginx.clojure.clj.NginxClojureHandlerFactory.newInstance(NginxClojureHandlerFactory.java:45)
	at nginx.clojure.NginxHandlerFactory.fetchHandler(NginxHandlerFactory.java:46)
	at nginx.clojure.NginxClojureRT.registerCode(NginxClojureRT.java:866)
Caused by: java.lang.RuntimeException: No such namespace: myapp
	at clojure.lang.Util.runtimeException(Util.java:221)
	at clojure.lang.Compiler.resolveIn(Compiler.java:7134)
	at clojure.lang.Compiler.resolve(Compiler.java:7108)
	at clojure.lang.Compiler.analyzeSymbol(Compiler.java:7069)
	at clojure.lang.Compiler.analyze(Compiler.java:6648)
	... 10 more
2017/09/10 22:27:02 [error] 10086#0: invalid clojure content_handler code : myapp/hello-world
2017/09/10 22:27:04 [alert] 9693#0: worker process 10086 exited with fatal code 2 and cannot be respawned
2017/09/10 22:27:23 [notice] 10098#0: signal process started
2017/09/10 22:28:49 [notice] 10112#0: signal process started
Exception in thread "main" java.lang.RuntimeException: No such namespace: myapp, compiling:(NO_SOURCE_PATH:0:0)
	at clojure.lang.Compiler.analyze(Compiler.java:6688)
	at clojure.lang.Compiler.analyze(Compiler.java:6625)
	at clojure.lang.Compiler.eval(Compiler.java:6931)
	at clojure.lang.Compiler.eval(Compiler.java:6917)
	at clojure.lang.Compiler.eval(Compiler.java:6890)
	at clojure.core$eval.invokeStatic(core.clj:3105)
	at clojure.core$eval.invoke(core.clj:3101)
	at clojure.lang.Var.invoke(Var.java:379)
	at nginx.clojure.clj.NginxClojureHandlerFactory.newInstance(NginxClojureHandlerFactory.java:45)
	at nginx.clojure.NginxHandlerFactory.fetchHandler(NginxHandlerFactory.java:46)
	at nginx.clojure.NginxClojureRT.registerCode(NginxClojureRT.java:866)
Caused by: java.lang.RuntimeException: No such namespace: myapp
	at clojure.lang.Util.runtimeException(Util.java:221)
	at clojure.lang.Compiler.resolveIn(Compiler.java:7134)
	at clojure.lang.Compiler.resolve(Compiler.java:7108)
	at clojure.lang.Compiler.analyzeSymbol(Compiler.java:7069)
	at clojure.lang.Compiler.analyze(Compiler.java:6648)
	... 10 more
2017/09/10 22:28:49 [error] 10113#0: invalid clojure content_handler code : myapp/hello-world
2017/09/10 22:28:51 [alert] 9693#0: worker process 10113 exited with fatal code 2 and cannot be respawned
2017/09/10 22:29:24 [notice] 10127#0: signal process started
Exception in thread "main" java.io.FileNotFoundException: Could not locate apps/myapp__init.class or apps/myapp.clj on classpath.
	at clojure.lang.RT.load(RT.java:456)
	at clojure.lang.RT.load(RT.java:419)
	at clojure.core$load$fn__5677.invoke(core.clj:5893)
	at clojure.core$load.invokeStatic(core.clj:5892)
	at clojure.core$load.doInvoke(core.clj:5876)
	at clojure.lang.RestFn.invoke(RestFn.java:408)
	at clojure.core$load_one.invokeStatic(core.clj:5697)
	at clojure.core$load_one.invoke(core.clj:5692)
	at clojure.core$load_lib$fn__5626.invoke(core.clj:5737)
	at clojure.core$load_lib.invokeStatic(core.clj:5736)
	at clojure.core$load_lib.doInvoke(core.clj:5717)
	at clojure.lang.RestFn.applyTo(RestFn.java:142)
	at clojure.core$apply.invokeStatic(core.clj:648)
	at clojure.core$load_libs.invokeStatic(core.clj:5774)
	at clojure.core$load_libs.doInvoke(core.clj:5758)
	at clojure.lang.RestFn.applyTo(RestFn.java:137)
	at clojure.core$apply.invokeStatic(core.clj:648)
	at clojure.core$require.invokeStatic(core.clj:5796)
	at clojure.core$require.doInvoke(core.clj:5796)
	at clojure.lang.RestFn.invoke(RestFn.java:408)
	at clojure.core$eval5.invokeStatic(NO_SOURCE_FILE:0)
	at clojure.core$eval5.invoke(NO_SOURCE_FILE)
	at clojure.lang.Compiler.eval(Compiler.java:6927)
	at clojure.lang.Compiler.eval(Compiler.java:6916)
	at clojure.lang.Compiler.eval(Compiler.java:6890)
	at clojure.core$eval.invokeStatic(core.clj:3105)
	at clojure.core$eval.invoke(core.clj:3101)
	at clojure.lang.Var.invoke(Var.java:379)
	at nginx.clojure.clj.NginxClojureHandlerFactory.newInstance(NginxClojureHandlerFactory.java:45)
	at nginx.clojure.NginxHandlerFactory.fetchHandler(NginxHandlerFactory.java:46)
	at nginx.clojure.NginxClojureRT.registerCode(NginxClojureRT.java:866)
2017/09/10 22:29:24 [error] 10128#0: invalid clojure content_handler code : apps.myapp/hello-world
2017/09/10 22:29:26 [alert] 9693#0: worker process 10128 exited with fatal code 2 and cannot be respawned
2017/09/10 22:32:26 [notice] 10178#0: signal process started
Exception in thread "main" java.lang.RuntimeException: No such var: apps/myapp.hello-world, compiling:(NO_SOURCE_PATH:0:0)
	at clojure.lang.Compiler.analyze(Compiler.java:6688)
	at clojure.lang.Compiler.analyze(Compiler.java:6625)
	at clojure.lang.Compiler.eval(Compiler.java:6931)
	at clojure.lang.Compiler.eval(Compiler.java:6917)
	at clojure.lang.Compiler.eval(Compiler.java:6890)
	at clojure.core$eval.invokeStatic(core.clj:3105)
	at clojure.core$eval.invoke(core.clj:3101)
	at clojure.lang.Var.invoke(Var.java:379)
	at nginx.clojure.clj.NginxClojureHandlerFactory.newInstance(NginxClojureHandlerFactory.java:45)
	at nginx.clojure.NginxHandlerFactory.fetchHandler(NginxHandlerFactory.java:46)
	at nginx.clojure.NginxClojureRT.registerCode(NginxClojureRT.java:866)
Caused by: java.lang.RuntimeException: No such var: apps/myapp.hello-world
	at clojure.lang.Util.runtimeException(Util.java:221)
	at clojure.lang.Compiler.resolveIn(Compiler.java:7138)
	at clojure.lang.Compiler.resolve(Compiler.java:7108)
	at clojure.lang.Compiler.analyzeSymbol(Compiler.java:7069)
	at clojure.lang.Compiler.analyze(Compiler.java:6648)
	... 10 more
2017/09/10 22:32:26 [error] 10179#0: invalid clojure content_handler code : apps/myapp.hello-world
2017/09/10 22:32:28 [alert] 9693#0: worker process 10179 exited with fatal code 2 and cannot be respawned
2017/09/10 22:34:19 [notice] 10193#0: signal process started
Exception in thread "main" java.io.FileNotFoundException: Could not locate apps__init.class or apps.clj on classpath.
	at clojure.lang.RT.load(RT.java:456)
	at clojure.lang.RT.load(RT.java:419)
	at clojure.core$load$fn__5677.invoke(core.clj:5893)
	at clojure.core$load.invokeStatic(core.clj:5892)
	at clojure.core$load.doInvoke(core.clj:5876)
	at clojure.lang.RestFn.invoke(RestFn.java:408)
	at clojure.core$load_one.invokeStatic(core.clj:5697)
	at clojure.core$load_one.invoke(core.clj:5692)
	at clojure.core$load_lib$fn__5626.invoke(core.clj:5737)
	at clojure.core$load_lib.invokeStatic(core.clj:5736)
	at clojure.core$load_lib.doInvoke(core.clj:5717)
	at clojure.lang.RestFn.applyTo(RestFn.java:142)
	at clojure.core$apply.invokeStatic(core.clj:648)
	at clojure.core$load_libs.invokeStatic(core.clj:5774)
	at clojure.core$load_libs.doInvoke(core.clj:5758)
	at clojure.lang.RestFn.applyTo(RestFn.java:137)
	at clojure.core$apply.invokeStatic(core.clj:648)
	at clojure.core$require.invokeStatic(core.clj:5796)
	at clojure.core$require.doInvoke(core.clj:5796)
	at clojure.lang.RestFn.invoke(RestFn.java:408)
	at clojure.core$eval5.invokeStatic(NO_SOURCE_FILE:0)
	at clojure.core$eval5.invoke(NO_SOURCE_FILE)
	at clojure.lang.Compiler.eval(Compiler.java:6927)
	at clojure.lang.Compiler.eval(Compiler.java:6916)
	at clojure.lang.Compiler.eval(Compiler.java:6890)
	at clojure.core$eval.invokeStatic(core.clj:3105)
	at clojure.core$eval.invoke(core.clj:3101)
	at clojure.lang.Var.invoke(Var.java:379)
	at nginx.clojure.clj.NginxClojureHandlerFactory.newInstance(NginxClojureHandlerFactory.java:45)
	at nginx.clojure.NginxHandlerFactory.fetchHandler(NginxHandlerFactory.java:46)
	at nginx.clojure.NginxClojureRT.registerCode(NginxClojureRT.java:866)
2017/09/10 22:34:19 [error] 10194#0: invalid clojure content_handler code : apps/hello-world
2017/09/10 22:34:21 [alert] 9693#0: worker process 10194 exited with fatal code 2 and cannot be respawned
2017/09/10 22:34:56 [notice] 10207#0: signal process started
Exception in thread "main" java.io.FileNotFoundException: Could not locate apps__init.class or apps.clj on classpath.
	at clojure.lang.RT.load(RT.java:456)
	at clojure.lang.RT.load(RT.java:419)
	at clojure.core$load$fn__5677.invoke(core.clj:5893)
	at clojure.core$load.invokeStatic(core.clj:5892)
	at clojure.core$load.doInvoke(core.clj:5876)
	at clojure.lang.RestFn.invoke(RestFn.java:408)
	at clojure.core$load_one.invokeStatic(core.clj:5697)
	at clojure.core$load_one.invoke(core.clj:5692)
	at clojure.core$load_lib$fn__5626.invoke(core.clj:5737)
	at clojure.core$load_lib.invokeStatic(core.clj:5736)
	at clojure.core$load_lib.doInvoke(core.clj:5717)
	at clojure.lang.RestFn.applyTo(RestFn.java:142)
	at clojure.core$apply.invokeStatic(core.clj:648)
	at clojure.core$load_libs.invokeStatic(core.clj:5774)
	at clojure.core$load_libs.doInvoke(core.clj:5758)
	at clojure.lang.RestFn.applyTo(RestFn.java:137)
	at clojure.core$apply.invokeStatic(core.clj:648)
	at clojure.core$require.invokeStatic(core.clj:5796)
	at clojure.core$require.doInvoke(core.clj:5796)
	at clojure.lang.RestFn.invoke(RestFn.java:408)
	at clojure.core$eval5.invokeStatic(NO_SOURCE_FILE:0)
	at clojure.core$eval5.invoke(NO_SOURCE_FILE)
	at clojure.lang.Compiler.eval(Compiler.java:6927)
	at clojure.lang.Compiler.eval(Compiler.java:6916)
	at clojure.lang.Compiler.eval(Compiler.java:6890)
	at clojure.core$eval.invokeStatic(core.clj:3105)
	at clojure.core$eval.invoke(core.clj:3101)
	at clojure.lang.Var.invoke(Var.java:379)
	at nginx.clojure.clj.NginxClojureHandlerFactory.newInstance(NginxClojureHandlerFactory.java:45)
	at nginx.clojure.NginxHandlerFactory.fetchHandler(NginxHandlerFactory.java:46)
	at nginx.clojure.NginxClojureRT.registerCode(NginxClojureRT.java:866)
2017/09/10 22:34:56 [error] 10208#0: invalid clojure content_handler code : apps/hello-world
2017/09/10 22:34:58 [alert] 9693#0: worker process 10208 exited with fatal code 2 and cannot be respawned
2017/09/10 22:35:21 [notice] 10231#0: signal process started
2017/09/10 22:36:32 [notice] 10245#0: signal process started
2017/09/10 22:37:46 [notice] 10263#0: signal process started
Exception in thread "main" java.lang.RuntimeException: No such namespace: my-app, compiling:(NO_SOURCE_PATH:0:0)
	at clojure.lang.Compiler.analyze(Compiler.java:6688)
	at clojure.lang.Compiler.analyze(Compiler.java:6625)
	at clojure.lang.Compiler.eval(Compiler.java:6931)
	at clojure.lang.Compiler.eval(Compiler.java:6917)
	at clojure.lang.Compiler.eval(Compiler.java:6890)
	at clojure.core$eval.invokeStatic(core.clj:3105)
	at clojure.core$eval.invoke(core.clj:3101)
	at clojure.lang.Var.invoke(Var.java:379)
	at nginx.clojure.clj.NginxClojureHandlerFactory.newInstance(NginxClojureHandlerFactory.java:45)
	at nginx.clojure.NginxHandlerFactory.fetchHandler(NginxHandlerFactory.java:46)
	at nginx.clojure.NginxClojureRT.registerCode(NginxClojureRT.java:866)
Caused by: java.lang.RuntimeException: No such namespace: my-app
	at clojure.lang.Util.runtimeException(Util.java:221)
	at clojure.lang.Compiler.resolveIn(Compiler.java:7134)
	at clojure.lang.Compiler.resolve(Compiler.java:7108)
	at clojure.lang.Compiler.analyzeSymbol(Compiler.java:7069)
	at clojure.lang.Compiler.analyze(Compiler.java:6648)
	... 10 more
2017/09/10 22:37:46 [error] 10264#0: invalid clojure content_handler code : my-app/hello-world
2017/09/10 22:37:48 [alert] 9693#0: worker process 10264 exited with fatal code 2 and cannot be respawned
2017/09/10 22:38:11 [notice] 10276#0: signal process started
2017/09/10 22:39:01 [notice] 10292#0: signal process started
2017/09/11 01:18:05 [notice] 10749#0: signal process started
2017/09/11 01:18:12 [error] 10750#0: *10 open() "/home/koji/downloads/nginx-clojure-0.4.5/html/myapp" failed (2: No such file or directory), client: 125.30.9.21, server: localhost, request: "GET /myapp HTTP/1.1", host: "www2348ue.sakura.ne.jp:8088"
